INFO:  ANSI Code Page: 936
INFO:  latexindent.exe version 3.24.4, 2024-07-18, a script to indent .tex files
       latexindent.exe lives here: D:/CommonSoftwares/ProductiveCodingEditors/texlive/2025/bin/windows/
       Sun Oct 19 15:13:01 2025
       Filename: d:\GithubClonefiles\datacentra_unitcommitment\paper\Response\reviewresponse_example.tex
INFO:  Processing switches:
INFO:  Directory for backup files and log file indent.log:
       d:\GithubClonefiles\datacentra_unitcommitment\paper\Response
INFO:  YAML settings read: defaultSettings.yaml
       Reading defaultSettings.yaml from D:/CommonSoftwares/ProductiveCodingEditors/texlive/2025/bin/windows/defaultSettings.yaml
       Reading defaultSettings.yaml (2nd attempt) from D:/CommonSoftwares/ProductiveCodingEditors/texlive/2025/bin/windows/../../texmf-dist/scripts/latexindent/defaultSettings.yaml
       and then, if necessary, D:/CommonSoftwares/ProductiveCodingEditors/texlive/2025/bin/windows/LatexIndent/defaultSettings.yaml
INFO:  YAML reading settings
       Home directory is C:\Users\YUAN
       latexindent.pl didn't find indentconfig.yaml or .indentconfig.yaml
       see all possible locations: https://latexindentpl.readthedocs.io/en/latest/sec-appendices.html#indentconfig-options)
INFO:  Phase 1: searching for objects
INFO:  Phase 2: finding surrounding indentation
INFO:  Phase 3: indenting objects
INFO:  Phase 4: final indentation check
INFO:  Output routine:
       Not outputting to file; see -w and -o switches for more options.
       --------------
INFO:  Please direct all communication/issues to:
        https://github.com/cmhughes/latexindent.pl
