This is pdfTeX, Version 3.141592653-2.6-1.40.27 (TeX Live 2025) (preloaded format=pdflatex 2025.9.23)  19 OCT 2025 16:32
entering extended mode
 restricted \write18 enabled.
 %&-line parsing enabled.
**reviewresponse_example.tex
(./reviewresponse_example.tex
LaTeX2e <2024-11-01> patch level 2
L3 programming layer <2025-01-18>
(./reviewresponse.cls
Document Class: reviewresponse 2014/01/29

(d:/CommonSoftwares/ProductiveCodingEditors/texlive/2025/texmf-dist/tex/latex/b
ase/article.cls
Document Class: article 2024/06/29 v1.4n Standard LaTeX document class

(d:/CommonSoftwares/ProductiveCodingEditors/texlive/2025/texmf-dist/tex/latex/b
ase/size11.clo
File: size11.clo 2024/06/29 v1.4n Standard LaTeX file (size option)
)
\c@part=\count196
\c@section=\count197
\c@subsection=\count198
\c@subsubsection=\count199
\c@paragraph=\count266
\c@subparagraph=\count267
\c@figure=\count268
\c@table=\count269
\abovecaptionskip=\skip49
\belowcaptionskip=\skip50
\bibindent=\dimen141
)
(d:/CommonSoftwares/ProductiveCodingEditors/texlive/2025/texmf-dist/tex/latex/a
4wide/a4wide.sty
Package: a4wide 1994/08/30

(d:/CommonSoftwares/ProductiveCodingEditors/texlive/2025/texmf-dist/tex/latex/n
tgclass/a4.sty
Package: a4 2023/01/10 v1.2g A4 based page layout
))
(d:/CommonSoftwares/ProductiveCodingEditors/texlive/2025/texmf-dist/tex/latex/p
snfss/palatino.sty
Package: palatino 2020/03/25 PSNFSS-v9.3 (SPQR) 
)
(d:/CommonSoftwares/ProductiveCodingEditors/texlive/2025/texmf-dist/tex/latex/t
ools/verbatim.sty
Package: verbatim 2024-01-22 v1.5x LaTeX2e package for verbatim enhancements
\every@verbatim=\toks17
\verbatim@line=\toks18
\verbatim@in@stream=\read2
)
(d:/CommonSoftwares/ProductiveCodingEditors/texlive/2025/texmf-dist/tex/latex/g
raphics/color.sty
Package: color 2024/06/23 v1.3e Standard LaTeX Color (DPC)

(d:/CommonSoftwares/ProductiveCodingEditors/texlive/2025/texmf-dist/tex/latex/g
raphics-cfg/color.cfg
File: color.cfg 2016/01/02 v1.6 sample color configuration
)
Package color Info: Driver file: pdftex.def on input line 149.

(d:/CommonSoftwares/ProductiveCodingEditors/texlive/2025/texmf-dist/tex/latex/g
raphics-def/pdftex.def
File: pdftex.def 2024/04/13 v1.2c Graphics/color driver for pdftex
)
(d:/CommonSoftwares/ProductiveCodingEditors/texlive/2025/texmf-dist/tex/latex/g
raphics/mathcolor.ltx))
(d:/CommonSoftwares/ProductiveCodingEditors/texlive/2025/texmf-dist/tex/latex/u
rl/url.sty
\Urlmuskip=\muskip17
Package: url 2013/09/16  ver 3.4  Verb mode for urls, etc.
)
(d:/CommonSoftwares/ProductiveCodingEditors/texlive/2025/texmf-dist/tex/latex/f
ancyhdr/fancyhdr.sty
Package: fancyhdr 2025/02/07 v5.2 Extensive control of page headers and footers

\f@nch@headwidth=\skip51
\f@nch@offset@elh=\skip52
\f@nch@offset@erh=\skip53
\f@nch@offset@olh=\skip54
\f@nch@offset@orh=\skip55
\f@nch@offset@elf=\skip56
\f@nch@offset@erf=\skip57
\f@nch@offset@olf=\skip58
\f@nch@offset@orf=\skip59
\f@nch@height=\skip60
\f@nch@footalignment=\skip61
\f@nch@widthL=\skip62
\f@nch@widthC=\skip63
\f@nch@widthR=\skip64
\@temptokenb=\toks19
)
(d:/CommonSoftwares/ProductiveCodingEditors/texlive/2025/texmf-dist/tex/latex/f
ancybox/fancybox.sty
Package: fancybox 2010/05/15 1.4

Style option: `fancybox' v1.4 <2010/05/15> (tvz)
\@fancybox=\box52
\shadowsize=\dimen142
\@Sbox=\box53
\do@VerbBox=\toks20
\the@fancyput=\toks21
\this@fancyput=\toks22
\EndVerbatimTokens=\toks23
\Verbatim@Outfile=\write3
\Verbatim@Infile=\read3
)
(d:/CommonSoftwares/ProductiveCodingEditors/texlive/2025/texmf-dist/tex/latex/f
ancyvrb/fancyvrb.sty
Package: fancyvrb 2024/01/20 4.5c verbatim text (tvz,hv)

(d:/CommonSoftwares/ProductiveCodingEditors/texlive/2025/texmf-dist/tex/latex/g
raphics/keyval.sty
Package: keyval 2022/05/29 v1.15 key=value parser (DPC)
\KV@toks@=\toks24
)
\FV@CodeLineNo=\count270
\FV@InFile=\read4
\FV@TabBox=\box54
\c@FancyVerbLine=\count271
\FV@StepNumber=\count272
\FV@OutFile=\write4
LaTeX Info: Redefining \UseVerb on input line 1229.
)
(d:/CommonSoftwares/ProductiveCodingEditors/texlive/2025/texmf-dist/tex/latex/n
atbib/natbib.sty
Package: natbib 2010/09/13 8.31b (PWD, AO)
\bibhang=\skip65
\bibsep=\skip66
LaTeX Info: Redefining \cite on input line 694.
\c@NAT@ctr=\count273
) (./tcolorbox.sty
Package: tcolorbox 2012/04/20 version 1.30 text color boxes

(d:/CommonSoftwares/ProductiveCodingEditors/texlive/2025/texmf-dist/tex/latex/p
gf/basiclayer/pgf.sty
(d:/CommonSoftwares/ProductiveCodingEditors/texlive/2025/texmf-dist/tex/latex/p
gf/utilities/pgfrcs.sty
(d:/CommonSoftwares/ProductiveCodingEditors/texlive/2025/texmf-dist/tex/generic
/pgf/utilities/pgfutil-common.tex
\pgfutil@everybye=\toks25
\pgfutil@tempdima=\dimen143
\pgfutil@tempdimb=\dimen144
)
(d:/CommonSoftwares/ProductiveCodingEditors/texlive/2025/texmf-dist/tex/generic
/pgf/utilities/pgfutil-latex.def
\pgfutil@abb=\box55
)
(d:/CommonSoftwares/ProductiveCodingEditors/texlive/2025/texmf-dist/tex/generic
/pgf/utilities/pgfrcs.code.tex
(d:/CommonSoftwares/ProductiveCodingEditors/texlive/2025/texmf-dist/tex/generic
/pgf/pgf.revision.tex)
Package: pgfrcs 2023-01-15 v3.1.10 (3.1.10)
))
Package: pgf 2023-01-15 v3.1.10 (3.1.10)

(d:/CommonSoftwares/ProductiveCodingEditors/texlive/2025/texmf-dist/tex/latex/p
gf/basiclayer/pgfcore.sty
(d:/CommonSoftwares/ProductiveCodingEditors/texlive/2025/texmf-dist/tex/latex/g
raphics/graphicx.sty
Package: graphicx 2021/09/16 v1.2d Enhanced LaTeX Graphics (DPC,SPQR)

(d:/CommonSoftwares/ProductiveCodingEditors/texlive/2025/texmf-dist/tex/latex/g
raphics/graphics.sty
Package: graphics 2024/08/06 v1.4g Standard LaTeX Graphics (DPC,SPQR)

(d:/CommonSoftwares/ProductiveCodingEditors/texlive/2025/texmf-dist/tex/latex/g
raphics/trig.sty
Package: trig 2023/12/02 v1.11 sin cos tan (DPC)
)
(d:/CommonSoftwares/ProductiveCodingEditors/texlive/2025/texmf-dist/tex/latex/g
raphics-cfg/graphics.cfg
File: graphics.cfg 2016/06/04 v1.11 sample graphics configuration
)
Package graphics Info: Driver file: pdftex.def on input line 106.
)
\Gin@req@height=\dimen145
\Gin@req@width=\dimen146
)
(d:/CommonSoftwares/ProductiveCodingEditors/texlive/2025/texmf-dist/tex/latex/p
gf/systemlayer/pgfsys.sty
(d:/CommonSoftwares/ProductiveCodingEditors/texlive/2025/texmf-dist/tex/generic
/pgf/systemlayer/pgfsys.code.tex
Package: pgfsys 2023-01-15 v3.1.10 (3.1.10)

(d:/CommonSoftwares/ProductiveCodingEditors/texlive/2025/texmf-dist/tex/generic
/pgf/utilities/pgfkeys.code.tex
\pgfkeys@pathtoks=\toks26
\pgfkeys@temptoks=\toks27

(d:/CommonSoftwares/ProductiveCodingEditors/texlive/2025/texmf-dist/tex/generic
/pgf/utilities/pgfkeyslibraryfiltered.code.tex
\pgfkeys@tmptoks=\toks28
))
\pgf@x=\dimen147
\pgf@y=\dimen148
\pgf@xa=\dimen149
\pgf@ya=\dimen150
\pgf@xb=\dimen151
\pgf@yb=\dimen152
\pgf@xc=\dimen153
\pgf@yc=\dimen154
\pgf@xd=\dimen155
\pgf@yd=\dimen156
\w@pgf@writea=\write5
\r@pgf@reada=\read5
\c@pgf@counta=\count274
\c@pgf@countb=\count275
\c@pgf@countc=\count276
\c@pgf@countd=\count277
\t@pgf@toka=\toks29
\t@pgf@tokb=\toks30
\t@pgf@tokc=\toks31
\pgf@sys@id@count=\count278

(d:/CommonSoftwares/ProductiveCodingEditors/texlive/2025/texmf-dist/tex/generic
/pgf/systemlayer/pgf.cfg
File: pgf.cfg 2023-01-15 v3.1.10 (3.1.10)
)
Driver file for pgf: pgfsys-pdftex.def

(d:/CommonSoftwares/ProductiveCodingEditors/texlive/2025/texmf-dist/tex/generic
/pgf/systemlayer/pgfsys-pdftex.def
File: pgfsys-pdftex.def 2023-01-15 v3.1.10 (3.1.10)

(d:/CommonSoftwares/ProductiveCodingEditors/texlive/2025/texmf-dist/tex/generic
/pgf/systemlayer/pgfsys-common-pdf.def
File: pgfsys-common-pdf.def 2023-01-15 v3.1.10 (3.1.10)
)))
(d:/CommonSoftwares/ProductiveCodingEditors/texlive/2025/texmf-dist/tex/generic
/pgf/systemlayer/pgfsyssoftpath.code.tex
File: pgfsyssoftpath.code.tex 2023-01-15 v3.1.10 (3.1.10)
\pgfsyssoftpath@smallbuffer@items=\count279
\pgfsyssoftpath@bigbuffer@items=\count280
)
(d:/CommonSoftwares/ProductiveCodingEditors/texlive/2025/texmf-dist/tex/generic
/pgf/systemlayer/pgfsysprotocol.code.tex
File: pgfsysprotocol.code.tex 2023-01-15 v3.1.10 (3.1.10)
))
(d:/CommonSoftwares/ProductiveCodingEditors/texlive/2025/texmf-dist/tex/latex/x
color/xcolor.sty
Package: xcolor 2024/09/29 v3.02 LaTeX color extensions (UK)

(d:/CommonSoftwares/ProductiveCodingEditors/texlive/2025/texmf-dist/tex/latex/g
raphics-cfg/color.cfg
File: color.cfg 2016/01/02 v1.6 sample color configuration
)
Package xcolor Info: Driver file: pdftex.def on input line 274.
LaTeX Info: Redefining \color on input line 762.

(d:/CommonSoftwares/ProductiveCodingEditors/texlive/2025/texmf-dist/tex/latex/g
raphics/mathcolor.ltx)
Package xcolor Info: Model `cmy' substituted by `cmy0' on input line 1349.
Package xcolor Info: Model `hsb' substituted by `rgb' on input line 1353.
Package xcolor Info: Model `RGB' extended on input line 1365.
Package xcolor Info: Model `HTML' substituted by `rgb' on input line 1367.
Package xcolor Info: Model `Hsb' substituted by `hsb' on input line 1368.
Package xcolor Info: Model `tHsb' substituted by `hsb' on input line 1369.
Package xcolor Info: Model `HSB' substituted by `hsb' on input line 1370.
Package xcolor Info: Model `Gray' substituted by `gray' on input line 1371.
Package xcolor Info: Model `wave' substituted by `hsb' on input line 1372.
)
(d:/CommonSoftwares/ProductiveCodingEditors/texlive/2025/texmf-dist/tex/generic
/pgf/basiclayer/pgfcore.code.tex
Package: pgfcore 2023-01-15 v3.1.10 (3.1.10)

(d:/CommonSoftwares/ProductiveCodingEditors/texlive/2025/texmf-dist/tex/generic
/pgf/math/pgfmath.code.tex
(d:/CommonSoftwares/ProductiveCodingEditors/texlive/2025/texmf-dist/tex/generic
/pgf/math/pgfmathutil.code.tex)
(d:/CommonSoftwares/ProductiveCodingEditors/texlive/2025/texmf-dist/tex/generic
/pgf/math/pgfmathparser.code.tex
\pgfmath@dimen=\dimen157
\pgfmath@count=\count281
\pgfmath@box=\box56
\pgfmath@toks=\toks32
\pgfmath@stack@operand=\toks33
\pgfmath@stack@operation=\toks34
)
(d:/CommonSoftwares/ProductiveCodingEditors/texlive/2025/texmf-dist/tex/generic
/pgf/math/pgfmathfunctions.code.tex)
(d:/CommonSoftwares/ProductiveCodingEditors/texlive/2025/texmf-dist/tex/generic
/pgf/math/pgfmathfunctions.basic.code.tex)
(d:/CommonSoftwares/ProductiveCodingEditors/texlive/2025/texmf-dist/tex/generic
/pgf/math/pgfmathfunctions.trigonometric.code.tex)
(d:/CommonSoftwares/ProductiveCodingEditors/texlive/2025/texmf-dist/tex/generic
/pgf/math/pgfmathfunctions.random.code.tex)
(d:/CommonSoftwares/ProductiveCodingEditors/texlive/2025/texmf-dist/tex/generic
/pgf/math/pgfmathfunctions.comparison.code.tex)
(d:/CommonSoftwares/ProductiveCodingEditors/texlive/2025/texmf-dist/tex/generic
/pgf/math/pgfmathfunctions.base.code.tex)
(d:/CommonSoftwares/ProductiveCodingEditors/texlive/2025/texmf-dist/tex/generic
/pgf/math/pgfmathfunctions.round.code.tex)
(d:/CommonSoftwares/ProductiveCodingEditors/texlive/2025/texmf-dist/tex/generic
/pgf/math/pgfmathfunctions.misc.code.tex)
(d:/CommonSoftwares/ProductiveCodingEditors/texlive/2025/texmf-dist/tex/generic
/pgf/math/pgfmathfunctions.integerarithmetics.code.tex)
(d:/CommonSoftwares/ProductiveCodingEditors/texlive/2025/texmf-dist/tex/generic
/pgf/math/pgfmathcalc.code.tex)
(d:/CommonSoftwares/ProductiveCodingEditors/texlive/2025/texmf-dist/tex/generic
/pgf/math/pgfmathfloat.code.tex
\c@pgfmathroundto@lastzeros=\count282
))
(d:/CommonSoftwares/ProductiveCodingEditors/texlive/2025/texmf-dist/tex/generic
/pgf/math/pgfint.code.tex)
(d:/CommonSoftwares/ProductiveCodingEditors/texlive/2025/texmf-dist/tex/generic
/pgf/basiclayer/pgfcorepoints.code.tex
File: pgfcorepoints.code.tex 2023-01-15 v3.1.10 (3.1.10)
\pgf@picminx=\dimen158
\pgf@picmaxx=\dimen159
\pgf@picminy=\dimen160
\pgf@picmaxy=\dimen161
\pgf@pathminx=\dimen162
\pgf@pathmaxx=\dimen163
\pgf@pathminy=\dimen164
\pgf@pathmaxy=\dimen165
\pgf@xx=\dimen166
\pgf@xy=\dimen167
\pgf@yx=\dimen168
\pgf@yy=\dimen169
\pgf@zx=\dimen170
\pgf@zy=\dimen171
)
(d:/CommonSoftwares/ProductiveCodingEditors/texlive/2025/texmf-dist/tex/generic
/pgf/basiclayer/pgfcorepathconstruct.code.tex
File: pgfcorepathconstruct.code.tex 2023-01-15 v3.1.10 (3.1.10)
\pgf@path@lastx=\dimen172
\pgf@path@lasty=\dimen173
)
(d:/CommonSoftwares/ProductiveCodingEditors/texlive/2025/texmf-dist/tex/generic
/pgf/basiclayer/pgfcorepathusage.code.tex
File: pgfcorepathusage.code.tex 2023-01-15 v3.1.10 (3.1.10)
\pgf@shorten@end@additional=\dimen174
\pgf@shorten@start@additional=\dimen175
)
(d:/CommonSoftwares/ProductiveCodingEditors/texlive/2025/texmf-dist/tex/generic
/pgf/basiclayer/pgfcorescopes.code.tex
File: pgfcorescopes.code.tex 2023-01-15 v3.1.10 (3.1.10)
\pgfpic=\box57
\pgf@hbox=\box58
\pgf@layerbox@main=\box59
\pgf@picture@serial@count=\count283
)
(d:/CommonSoftwares/ProductiveCodingEditors/texlive/2025/texmf-dist/tex/generic
/pgf/basiclayer/pgfcoregraphicstate.code.tex
File: pgfcoregraphicstate.code.tex 2023-01-15 v3.1.10 (3.1.10)
\pgflinewidth=\dimen176
)
(d:/CommonSoftwares/ProductiveCodingEditors/texlive/2025/texmf-dist/tex/generic
/pgf/basiclayer/pgfcoretransformations.code.tex
File: pgfcoretransformations.code.tex 2023-01-15 v3.1.10 (3.1.10)
\pgf@pt@x=\dimen177
\pgf@pt@y=\dimen178
\pgf@pt@temp=\dimen179
)
(d:/CommonSoftwares/ProductiveCodingEditors/texlive/2025/texmf-dist/tex/generic
/pgf/basiclayer/pgfcorequick.code.tex
File: pgfcorequick.code.tex 2023-01-15 v3.1.10 (3.1.10)
)
(d:/CommonSoftwares/ProductiveCodingEditors/texlive/2025/texmf-dist/tex/generic
/pgf/basiclayer/pgfcoreobjects.code.tex
File: pgfcoreobjects.code.tex 2023-01-15 v3.1.10 (3.1.10)
)
(d:/CommonSoftwares/ProductiveCodingEditors/texlive/2025/texmf-dist/tex/generic
/pgf/basiclayer/pgfcorepathprocessing.code.tex
File: pgfcorepathprocessing.code.tex 2023-01-15 v3.1.10 (3.1.10)
)
(d:/CommonSoftwares/ProductiveCodingEditors/texlive/2025/texmf-dist/tex/generic
/pgf/basiclayer/pgfcorearrows.code.tex
File: pgfcorearrows.code.tex 2023-01-15 v3.1.10 (3.1.10)
\pgfarrowsep=\dimen180
)
(d:/CommonSoftwares/ProductiveCodingEditors/texlive/2025/texmf-dist/tex/generic
/pgf/basiclayer/pgfcoreshade.code.tex
File: pgfcoreshade.code.tex 2023-01-15 v3.1.10 (3.1.10)
\pgf@max=\dimen181
\pgf@sys@shading@range@num=\count284
\pgf@shadingcount=\count285
)
(d:/CommonSoftwares/ProductiveCodingEditors/texlive/2025/texmf-dist/tex/generic
/pgf/basiclayer/pgfcoreimage.code.tex
File: pgfcoreimage.code.tex 2023-01-15 v3.1.10 (3.1.10)
)
(d:/CommonSoftwares/ProductiveCodingEditors/texlive/2025/texmf-dist/tex/generic
/pgf/basiclayer/pgfcoreexternal.code.tex
File: pgfcoreexternal.code.tex 2023-01-15 v3.1.10 (3.1.10)
\pgfexternal@startupbox=\box60
)
(d:/CommonSoftwares/ProductiveCodingEditors/texlive/2025/texmf-dist/tex/generic
/pgf/basiclayer/pgfcorelayers.code.tex
File: pgfcorelayers.code.tex 2023-01-15 v3.1.10 (3.1.10)
)
(d:/CommonSoftwares/ProductiveCodingEditors/texlive/2025/texmf-dist/tex/generic
/pgf/basiclayer/pgfcoretransparency.code.tex
File: pgfcoretransparency.code.tex 2023-01-15 v3.1.10 (3.1.10)
)
(d:/CommonSoftwares/ProductiveCodingEditors/texlive/2025/texmf-dist/tex/generic
/pgf/basiclayer/pgfcorepatterns.code.tex
File: pgfcorepatterns.code.tex 2023-01-15 v3.1.10 (3.1.10)
)
(d:/CommonSoftwares/ProductiveCodingEditors/texlive/2025/texmf-dist/tex/generic
/pgf/basiclayer/pgfcorerdf.code.tex
File: pgfcorerdf.code.tex 2023-01-15 v3.1.10 (3.1.10)
)))
(d:/CommonSoftwares/ProductiveCodingEditors/texlive/2025/texmf-dist/tex/generic
/pgf/modules/pgfmoduleshapes.code.tex
File: pgfmoduleshapes.code.tex 2023-01-15 v3.1.10 (3.1.10)
\pgfnodeparttextbox=\box61
)
(d:/CommonSoftwares/ProductiveCodingEditors/texlive/2025/texmf-dist/tex/generic
/pgf/modules/pgfmoduleplot.code.tex
File: pgfmoduleplot.code.tex 2023-01-15 v3.1.10 (3.1.10)
)
(d:/CommonSoftwares/ProductiveCodingEditors/texlive/2025/texmf-dist/tex/latex/p
gf/compatibility/pgfcomp-version-0-65.sty
Package: pgfcomp-version-0-65 2023-01-15 v3.1.10 (3.1.10)
\pgf@nodesepstart=\dimen182
\pgf@nodesepend=\dimen183
)
(d:/CommonSoftwares/ProductiveCodingEditors/texlive/2025/texmf-dist/tex/latex/p
gf/compatibility/pgfcomp-version-1-18.sty
Package: pgfcomp-version-1-18 2023-01-15 v3.1.10 (3.1.10)
))
(d:/CommonSoftwares/ProductiveCodingEditors/texlive/2025/texmf-dist/tex/latex/t
ools/calc.sty
Package: calc 2023/07/08 v4.3 Infix arithmetic (KKT,FJ)
\calc@Acount=\count286
\calc@Bcount=\count287
\calc@Adimen=\dimen184
\calc@Bdimen=\dimen185
\calc@Askip=\skip67
\calc@Bskip=\skip68
LaTeX Info: Redefining \setlength on input line 80.
LaTeX Info: Redefining \addtolength on input line 81.
\calc@Ccount=\count288
\calc@Cskip=\skip69
)
\tcb@titlebox=\box62
\tcb@upperbox=\box63
\tcb@lowerbox=\box64
\tcb@textdim=\skip70
\tcb@out=\write6
)
(d:/CommonSoftwares/ProductiveCodingEditors/texlive/2025/texmf-dist/tex/latex/p
arskip/parskip.sty
Package: parskip 2021-03-14 v2.0h non-zero parskip adjustments

(d:/CommonSoftwares/ProductiveCodingEditors/texlive/2025/texmf-dist/tex/latex/k
voptions/kvoptions.sty
Package: kvoptions 2022-06-15 v3.15 Key value format for package options (HO)

(d:/CommonSoftwares/ProductiveCodingEditors/texlive/2025/texmf-dist/tex/generic
/ltxcmds/ltxcmds.sty
Package: ltxcmds 2023-12-04 v1.26 LaTeX kernel commands for general use (HO)
)
(d:/CommonSoftwares/ProductiveCodingEditors/texlive/2025/texmf-dist/tex/latex/k
vsetkeys/kvsetkeys.sty
Package: kvsetkeys 2022-10-05 v1.19 Key value parser (HO)
))
(d:/CommonSoftwares/ProductiveCodingEditors/texlive/2025/texmf-dist/tex/latex/e
toolbox/etoolbox.sty
Package: etoolbox 2025/02/11 v2.5l e-TeX tools for LaTeX (JAW)
\etb@tempcnta=\count289
))
\c@comments=\count290
)
(d:/CommonSoftwares/ProductiveCodingEditors/texlive/2025/texmf-dist/tex/latex/b
ase/inputenc.sty
Package: inputenc 2024/02/08 v1.3d Input encoding file
\inpenc@prehook=\toks35
\inpenc@posthook=\toks36

(d:/CommonSoftwares/ProductiveCodingEditors/texlive/2025/texmf-dist/tex/latex/b
ase/latin9.def
File: latin9.def 2024/02/08 v1.3d Input encoding file
))
(d:/CommonSoftwares/ProductiveCodingEditors/texlive/2025/texmf-dist/tex/latex/b
ase/fontenc.sty
Package: fontenc 2021/04/29 v2.0v Standard LaTeX package
LaTeX Font Info:    Trying to load font information for T1+ppl on input line 11
6.

(d:/CommonSoftwares/ProductiveCodingEditors/texlive/2025/texmf-dist/tex/latex/p
snfss/t1ppl.fd
File: t1ppl.fd 2001/06/04 font definitions for T1/ppl.
))
(d:/CommonSoftwares/ProductiveCodingEditors/texlive/2025/texmf-dist/tex/generic
/babel/babel.sty
Package: babel 2025/02/14 v25.4 The multilingual framework for pdfLaTeX, LuaLaT
eX and XeLaTeX
\babel@savecnt=\count291
\U@D=\dimen186
\l@unhyphenated=\language90

(d:/CommonSoftwares/ProductiveCodingEditors/texlive/2025/texmf-dist/tex/generic
/babel/txtbabel.def)
\bbl@readstream=\read6
\bbl@dirlevel=\count292

(d:/CommonSoftwares/ProductiveCodingEditors/texlive/2025/texmf-dist/tex/generic
/babel-english/english.ldf
Language: english 2017/06/06 v3.3r English support from the babel system
Package babel Info: Hyphen rules for 'canadian' set to \l@english
(babel)             (\language0). Reported on input line 102.
Package babel Info: Hyphen rules for 'australian' set to \l@ukenglish
(babel)             (\language22). Reported on input line 105.
Package babel Info: Hyphen rules for 'newzealand' set to \l@ukenglish
(babel)             (\language22). Reported on input line 108.
))
(d:/CommonSoftwares/ProductiveCodingEditors/texlive/2025/texmf-dist/tex/generic
/babel/locale/en/babel-english.tex
Package babel Info: Importing font and identification data for english
(babel)             from babel-en.ini. Reported on input line 11.
)
(d:/CommonSoftwares/ProductiveCodingEditors/texlive/2025/texmf-dist/tex/latex/h
yperref/hyperref.sty
Package: hyperref 2024-11-05 v7.01l Hypertext links for LaTeX

(d:/CommonSoftwares/ProductiveCodingEditors/texlive/2025/texmf-dist/tex/generic
/iftex/iftex.sty
Package: iftex 2024/12/12 v1.0g TeX engine tests
)
(d:/CommonSoftwares/ProductiveCodingEditors/texlive/2025/texmf-dist/tex/generic
/kvdefinekeys/kvdefinekeys.sty
Package: kvdefinekeys 2019-12-19 v1.6 Define keys (HO)
)
(d:/CommonSoftwares/ProductiveCodingEditors/texlive/2025/texmf-dist/tex/generic
/pdfescape/pdfescape.sty
Package: pdfescape 2019/12/09 v1.15 Implements pdfTeX's escape features (HO)

(d:/CommonSoftwares/ProductiveCodingEditors/texlive/2025/texmf-dist/tex/generic
/pdftexcmds/pdftexcmds.sty
Package: pdftexcmds 2020-06-27 v0.33 Utility functions of pdfTeX for LuaTeX (HO
)

(d:/CommonSoftwares/ProductiveCodingEditors/texlive/2025/texmf-dist/tex/generic
/infwarerr/infwarerr.sty
Package: infwarerr 2019/12/03 v1.5 Providing info/warning/error messages (HO)
)
Package pdftexcmds Info: \pdf@primitive is available.
Package pdftexcmds Info: \pdf@ifprimitive is available.
Package pdftexcmds Info: \pdfdraftmode found.
))
(d:/CommonSoftwares/ProductiveCodingEditors/texlive/2025/texmf-dist/tex/latex/h
ycolor/hycolor.sty
Package: hycolor 2020-01-27 v1.10 Color options for hyperref/bookmark (HO)
)
(d:/CommonSoftwares/ProductiveCodingEditors/texlive/2025/texmf-dist/tex/latex/h
yperref/nameref.sty
Package: nameref 2023-11-26 v2.56 Cross-referencing by name of section

(d:/CommonSoftwares/ProductiveCodingEditors/texlive/2025/texmf-dist/tex/latex/r
efcount/refcount.sty
Package: refcount 2019/12/15 v3.6 Data extraction from label references (HO)
)
(d:/CommonSoftwares/ProductiveCodingEditors/texlive/2025/texmf-dist/tex/generic
/gettitlestring/gettitlestring.sty
Package: gettitlestring 2019/12/15 v1.6 Cleanup title references (HO)
)
\c@section@level=\count293
)
(d:/CommonSoftwares/ProductiveCodingEditors/texlive/2025/texmf-dist/tex/generic
/stringenc/stringenc.sty
Package: stringenc 2019/11/29 v1.12 Convert strings between diff. encodings (HO
)
)
\@linkdim=\dimen187
\Hy@linkcounter=\count294
\Hy@pagecounter=\count295

(d:/CommonSoftwares/ProductiveCodingEditors/texlive/2025/texmf-dist/tex/latex/h
yperref/pd1enc.def
File: pd1enc.def 2024-11-05 v7.01l Hyperref: PDFDocEncoding definition (HO)
Now handling font encoding PD1 ...
... no UTF-8 mapping file for font encoding PD1
)
(d:/CommonSoftwares/ProductiveCodingEditors/texlive/2025/texmf-dist/tex/generic
/intcalc/intcalc.sty
Package: intcalc 2019/12/15 v1.3 Expandable calculations with integers (HO)
)
\Hy@SavedSpaceFactor=\count296

(d:/CommonSoftwares/ProductiveCodingEditors/texlive/2025/texmf-dist/tex/latex/h
yperref/puenc.def
File: puenc.def 2024-11-05 v7.01l Hyperref: PDF Unicode definition (HO)
Now handling font encoding PU ...
... no UTF-8 mapping file for font encoding PU
)
Package hyperref Info: Option `bookmarks' set `true' on input line 4040.
Package hyperref Info: Option `bookmarksopen' set `true' on input line 4040.
Package hyperref Info: Option `bookmarksnumbered' set `true' on input line 4040
.
Package hyperref Info: Hyper figures OFF on input line 4157.
Package hyperref Info: Link nesting OFF on input line 4162.
Package hyperref Info: Hyper index ON on input line 4165.
Package hyperref Info: Plain pages OFF on input line 4172.
Package hyperref Info: Backreferencing OFF on input line 4177.
Package hyperref Info: Implicit mode ON; LaTeX internals redefined.
Package hyperref Info: Bookmarks ON on input line 4424.
\c@Hy@tempcnt=\count297
LaTeX Info: Redefining \url on input line 4763.
\XeTeXLinkMargin=\dimen188

(d:/CommonSoftwares/ProductiveCodingEditors/texlive/2025/texmf-dist/tex/generic
/bitset/bitset.sty
Package: bitset 2019/12/09 v1.3 Handle bit-vector datatype (HO)

(d:/CommonSoftwares/ProductiveCodingEditors/texlive/2025/texmf-dist/tex/generic
/bigintcalc/bigintcalc.sty
Package: bigintcalc 2019/12/15 v1.5 Expandable calculations on big integers (HO
)
))
\Fld@menulength=\count298
\Field@Width=\dimen189
\Fld@charsize=\dimen190
Package hyperref Info: Hyper figures OFF on input line 6042.
Package hyperref Info: Link nesting OFF on input line 6047.
Package hyperref Info: Hyper index ON on input line 6050.
Package hyperref Info: backreferencing OFF on input line 6057.
Package hyperref Info: Link coloring OFF on input line 6062.
Package hyperref Info: Link coloring with OCG OFF on input line 6067.
Package hyperref Info: PDF/A mode OFF on input line 6072.

(d:/CommonSoftwares/ProductiveCodingEditors/texlive/2025/texmf-dist/tex/latex/b
ase/atbegshi-ltx.sty
Package: atbegshi-ltx 2021/01/10 v1.0c Emulation of the original atbegshi
package with kernel methods
)
\Hy@abspage=\count299
\c@Item=\count300
\c@Hfootnote=\count301
)
Package hyperref Info: Driver (autodetected): hpdftex.

(d:/CommonSoftwares/ProductiveCodingEditors/texlive/2025/texmf-dist/tex/latex/h
yperref/hpdftex.def
File: hpdftex.def 2024-11-05 v7.01l Hyperref driver for pdfTeX

(d:/CommonSoftwares/ProductiveCodingEditors/texlive/2025/texmf-dist/tex/latex/b
ase/atveryend-ltx.sty
Package: atveryend-ltx 2020/08/19 v1.0a Emulation of the original atveryend pac
kage
with kernel methods
)
\Fld@listcount=\count302
\c@bookmark@seq@number=\count303

(d:/CommonSoftwares/ProductiveCodingEditors/texlive/2025/texmf-dist/tex/latex/r
erunfilecheck/rerunfilecheck.sty
Package: rerunfilecheck 2022-07-10 v1.10 Rerun checks for auxiliary files (HO)

(d:/CommonSoftwares/ProductiveCodingEditors/texlive/2025/texmf-dist/tex/generic
/uniquecounter/uniquecounter.sty
Package: uniquecounter 2019/12/15 v1.4 Provide unlimited unique counter (HO)
)
Package uniquecounter Info: New unique counter `rerunfilecheck' on input line 2
85.
)
\Hy@SectionHShift=\skip71
)
Package hyperref Info: Option `colorlinks' set `true' on input line 44.

(d:/CommonSoftwares/ProductiveCodingEditors/texlive/2025/texmf-dist/tex/latex/l
3backend/l3backend-pdftex.def
File: l3backend-pdftex.def 2024-05-08 L3 backend support: PDF output (pdfTeX)
\l__color_backend_stack_int=\count304
\l__pdf_internal_box=\box65
) (./reviewresponse_example.aux)
\openout1 = `reviewresponse_example.aux'.

LaTeX Font Info:    Checking defaults for OML/cmm/m/it on input line 46.
LaTeX Font Info:    ... okay on input line 46.
LaTeX Font Info:    Checking defaults for OMS/cmsy/m/n on input line 46.
LaTeX Font Info:    ... okay on input line 46.
LaTeX Font Info:    Checking defaults for OT1/cmr/m/n on input line 46.
LaTeX Font Info:    ... okay on input line 46.
LaTeX Font Info:    Checking defaults for T1/cmr/m/n on input line 46.
LaTeX Font Info:    ... okay on input line 46.
LaTeX Font Info:    Checking defaults for TS1/cmr/m/n on input line 46.
LaTeX Font Info:    ... okay on input line 46.
LaTeX Font Info:    Checking defaults for OMX/cmex/m/n on input line 46.
LaTeX Font Info:    ... okay on input line 46.
LaTeX Font Info:    Checking defaults for U/cmr/m/n on input line 46.
LaTeX Font Info:    ... okay on input line 46.
LaTeX Font Info:    Checking defaults for PD1/pdf/m/n on input line 46.
LaTeX Font Info:    ... okay on input line 46.
LaTeX Font Info:    Checking defaults for PU/pdf/m/n on input line 46.
LaTeX Font Info:    ... okay on input line 46.

(d:/CommonSoftwares/ProductiveCodingEditors/texlive/2025/texmf-dist/tex/context
/base/mkii/supp-pdf.mkii
[Loading MPS to PDF converter (version 2006.09.02).]
\scratchcounter=\count305
\scratchdimen=\dimen191
\scratchbox=\box66
\nofMPsegments=\count306
\nofMParguments=\count307
\everyMPshowfont=\toks37
\MPscratchCnt=\count308
\MPscratchDim=\dimen192
\MPnumerator=\count309
\makeMPintoPDFobject=\count310
\everyMPtoPDFconversion=\toks38
)
(d:/CommonSoftwares/ProductiveCodingEditors/texlive/2025/texmf-dist/tex/latex/e
pstopdf-pkg/epstopdf-base.sty
Package: epstopdf-base 2020-01-24 v2.11 Base part for package epstopdf
Package epstopdf-base Info: Redefining graphics rule for `.eps' on input line 4
85.

(d:/CommonSoftwares/ProductiveCodingEditors/texlive/2025/texmf-dist/tex/latex/l
atexconfig/epstopdf-sys.cfg
File: epstopdf-sys.cfg 2010/07/13 v1.3 Configuration of (r)epstopdf for TeX Liv
e
))
Package hyperref Info: Link coloring ON on input line 46.
 (./reviewresponse_example.out)
(./reviewresponse_example.out)
\@outlinefile=\write7
\openout7 = `reviewresponse_example.out'.

LaTeX Font Info:    External font `cmex10' loaded for size
(Font)              <10.95> on input line 54.
LaTeX Font Info:    External font `cmex10' loaded for size
(Font)              <8> on input line 54.
LaTeX Font Info:    External font `cmex10' loaded for size
(Font)              <6> on input line 54.
LaTeX Font Info:    Trying to load font information for T1+pcr on input line 55
.

(d:/CommonSoftwares/ProductiveCodingEditors/texlive/2025/texmf-dist/tex/latex/p
snfss/t1pcr.fd
File: t1pcr.fd 2001/06/04 font definitions for T1/pcr.
) (./reviewresponse_example.toc)
\tf@toc=\write8
\openout8 = `reviewresponse_example.toc'.



Package hyperref Warning: The anchor of a bookmark and its parent's must not
(hyperref)                be the same. Added a new anchor on input line 70.



[1

{d:/CommonSoftwares/ProductiveCodingEditors/texlive/2025/texmf-var/fonts/map/pd
ftex/updmap/pdftex.map}{d:/CommonSoftwares/ProductiveCodingEditors/texlive/2025
/texmf-dist/fonts/enc/dvips/base/8r.enc}]
Overfull \hbox (30.0pt too wide) in paragraph at lines 70--70
[] 
 []


Overfull \hbox (30.0pt too wide) in paragraph at lines 81--81
[] 
 []


Overfull \hbox (30.0pt too wide) in paragraph at lines 95--95
[] 
 []


Overfull \hbox (30.0pt too wide) in paragraph at lines 106--106
[] 
 []



[2]

[3]

Package hyperref Warning: The anchor of a bookmark and its parent's must not
(hyperref)                be the same. Added a new anchor on input line 124.


Overfull \hbox (30.0pt too wide) in paragraph at lines 124--124
[] 
 []


Overfull \hbox (30.0pt too wide) in paragraph at lines 135--135
[] 
 []


Overfull \hbox (30.0pt too wide) in paragraph at lines 148--148
[] 
 []


Overfull \hbox (30.0pt too wide) in paragraph at lines 158--158
[] 
 []



[4

]
Overfull \hbox (30.0pt too wide) in paragraph at lines 168--168
[] 
 []


Overfull \hbox (30.0pt too wide) in paragraph at lines 176--176
[] 
 []



[5]

Package hyperref Warning: The anchor of a bookmark and its parent's must not
(hyperref)                be the same. Added a new anchor on input line 192.


Overfull \hbox (30.0pt too wide) in paragraph at lines 192--192
[] 
 []


Overfull \hbox (30.0pt too wide) in paragraph at lines 203--203
[] 
 []


Overfull \hbox (30.0pt too wide) in paragraph at lines 216--216
[] 
 []


Overfull \hbox (30.0pt too wide) in paragraph at lines 223--223
[] 
 []



[6

]

[7] (./reviewresponse_example.aux)
 ***********
LaTeX2e <2024-11-01> patch level 2
L3 programming layer <2025-01-18>
 ***********
Package rerunfilecheck Info: File `reviewresponse_example.out' has not changed.

(rerunfilecheck)             Checksum: FCBFA4464F5A7C091F5A5BD88677542D;2586.
 ) 
Here is how much of TeX's memory you used:
 19639 strings out of 473190
 364036 string characters out of 5699139
 750867 words of memory out of 5000000
 42543 multiletter control sequences out of 15000+600000
 573899 words of font info for 62 fonts, out of 8000000 for 9000
 1141 hyphenation exceptions out of 8191
 116i,12n,121p,516b,532s stack positions out of 10000i,1000n,20000p,200000b,200000s
<d:/CommonSoftwares/ProductiveCodingEditors/texlive/2025/texmf-dist/fonts/typ
e1/public/amsfonts/cm/cmr10.pfb><d:/CommonSoftwares/ProductiveCodingEditors/tex
live/2025/texmf-dist/fonts/type1/urw/courier/ucrr8a.pfb><d:/CommonSoftwares/Pro
ductiveCodingEditors/texlive/2025/texmf-dist/fonts/type1/urw/palatino/uplb8a.pf
b><d:/CommonSoftwares/ProductiveCodingEditors/texlive/2025/texmf-dist/fonts/typ
e1/urw/palatino/uplr8a.pfb>
Output written on reviewresponse_example.pdf (7 pages, 70903 bytes).
PDF statistics:
 162 PDF objects out of 1000 (max. 8388607)
 143 compressed objects within 2 object streams
 15 named destinations out of 1000 (max. 500000)
 149 words of extra memory for PDF output out of 10000 (max. 10000000)

