This is pdfTeX, Version 3.141592653-2.6-1.40.27 (TeX Live 2025) (preloaded format=pdflatex 2025.9.23)  4 NOV 2025 22:28
entering extended mode
 restricted \write18 enabled.
 %&-line parsing enabled.
**New_IEEEtran_how-to.tex
(./New_IEEEtran_how-to.tex
LaTeX2e <2024-11-01> patch level 2
L3 programming layer <2025-01-18>
(./IEEEtran.cls
Document Class: IEEEtran 2015/08/26 V1.8b by Michael Shell
-- See the "IEEEtran_HOWTO" manual for usage information.
-- http://www.michaelshell.org/tex/ieeetran/
\@IEEEtrantmpdimenA=\dimen141
\@IEEEtrantmpdimenB=\dimen142
\@IEEEtrantmpdimenC=\dimen143
\@IEEEtrantmpcountA=\count196
\@IEEEtrantmpcountB=\count197
\@IEEEtrantmpcountC=\count198
\@IEEEtrantmptoksA=\toks17
LaTeX Font Info:    Trying to load font information for OT1+ptm on input line 5
03.

(d:/CommonSoftwares/ProductiveCodingEditors/texlive/2025/texmf-dist/tex/latex/p
snfss/ot1ptm.fd
File: ot1ptm.fd 2001/06/04 font definitions for OT1/ptm.
)
-- Using 8.5in x 11in (letter) paper.
-- Using PDF output.
\@IEEEnormalsizeunitybaselineskip=\dimen144
-- This is a 10 point document.
\CLASSINFOnormalsizebaselineskip=\dimen145
\CLASSINFOnormalsizeunitybaselineskip=\dimen146
\IEEEnormaljot=\dimen147
LaTeX Font Info:    Font shape `OT1/ptm/bx/n' in size <5> not available
(Font)              Font shape `OT1/ptm/b/n' tried instead on input line 1086.
LaTeX Font Info:    Font shape `OT1/ptm/bx/it' in size <5> not available
(Font)              Font shape `OT1/ptm/b/it' tried instead on input line 1086.

LaTeX Font Info:    Font shape `OT1/ptm/bx/n' in size <7> not available
(Font)              Font shape `OT1/ptm/b/n' tried instead on input line 1086.
LaTeX Font Info:    Font shape `OT1/ptm/bx/it' in size <7> not available
(Font)              Font shape `OT1/ptm/b/it' tried instead on input line 1086.

LaTeX Font Info:    Font shape `OT1/ptm/bx/n' in size <8> not available
(Font)              Font shape `OT1/ptm/b/n' tried instead on input line 1086.
LaTeX Font Info:    Font shape `OT1/ptm/bx/it' in size <8> not available
(Font)              Font shape `OT1/ptm/b/it' tried instead on input line 1086.

LaTeX Font Info:    Font shape `OT1/ptm/bx/n' in size <9> not available
(Font)              Font shape `OT1/ptm/b/n' tried instead on input line 1086.
LaTeX Font Info:    Font shape `OT1/ptm/bx/it' in size <9> not available
(Font)              Font shape `OT1/ptm/b/it' tried instead on input line 1086.

LaTeX Font Info:    Font shape `OT1/ptm/bx/n' in size <10> not available
(Font)              Font shape `OT1/ptm/b/n' tried instead on input line 1086.
LaTeX Font Info:    Font shape `OT1/ptm/bx/it' in size <10> not available
(Font)              Font shape `OT1/ptm/b/it' tried instead on input line 1086.

LaTeX Font Info:    Font shape `OT1/ptm/bx/n' in size <11> not available
(Font)              Font shape `OT1/ptm/b/n' tried instead on input line 1086.
LaTeX Font Info:    Font shape `OT1/ptm/bx/it' in size <11> not available
(Font)              Font shape `OT1/ptm/b/it' tried instead on input line 1086.

LaTeX Font Info:    Font shape `OT1/ptm/bx/n' in size <12> not available
(Font)              Font shape `OT1/ptm/b/n' tried instead on input line 1086.
LaTeX Font Info:    Font shape `OT1/ptm/bx/it' in size <12> not available
(Font)              Font shape `OT1/ptm/b/it' tried instead on input line 1086.

LaTeX Font Info:    Font shape `OT1/ptm/bx/n' in size <18> not available
(Font)              Font shape `OT1/ptm/b/n' tried instead on input line 1086.
LaTeX Font Info:    Font shape `OT1/ptm/bx/it' in size <18> not available
(Font)              Font shape `OT1/ptm/b/it' tried instead on input line 1086.

\IEEEquantizedlength=\dimen148
\IEEEquantizedlengthdiff=\dimen149
\IEEEquantizedtextheightdiff=\dimen150
\IEEEilabelindentA=\dimen151
\IEEEilabelindentB=\dimen152
\IEEEilabelindent=\dimen153
\IEEEelabelindent=\dimen154
\IEEEdlabelindent=\dimen155
\IEEElabelindent=\dimen156
\IEEEiednormlabelsep=\dimen157
\IEEEiedmathlabelsep=\dimen158
\IEEEiedtopsep=\skip49
\c@section=\count199
\c@subsection=\count266
\c@subsubsection=\count267
\c@paragraph=\count268
\c@IEEEsubequation=\count269
\abovecaptionskip=\skip50
\belowcaptionskip=\skip51
\c@figure=\count270
\c@table=\count271
\@IEEEeqnnumcols=\count272
\@IEEEeqncolcnt=\count273
\@IEEEsubeqnnumrollback=\count274
\@IEEEquantizeheightA=\dimen159
\@IEEEquantizeheightB=\dimen160
\@IEEEquantizeheightC=\dimen161
\@IEEEquantizeprevdepth=\dimen162
\@IEEEquantizemultiple=\count275
\@IEEEquantizeboxA=\box52
\@IEEEtmpitemindent=\dimen163
\IEEEPARstartletwidth=\dimen164
\c@IEEEbiography=\count276
\@IEEEtranrubishbin=\box53
)
(d:/CommonSoftwares/ProductiveCodingEditors/texlive/2025/texmf-dist/tex/latex/b
ase/fontenc.sty
Package: fontenc 2021/04/29 v2.0v Standard LaTeX package
LaTeX Font Info:    Trying to load font information for T1+ptm on input line 11
6.

(d:/CommonSoftwares/ProductiveCodingEditors/texlive/2025/texmf-dist/tex/latex/p
snfss/t1ptm.fd
File: t1ptm.fd 2001/06/04 font definitions for T1/ptm.
))
(d:/CommonSoftwares/ProductiveCodingEditors/texlive/2025/texmf-dist/tex/latex/a
msmath/amsmath.sty
Package: amsmath 2024/11/05 v2.17t AMS math features
\@mathmargin=\skip52
For additional information on amsmath, use the `?' option.

(d:/CommonSoftwares/ProductiveCodingEditors/texlive/2025/texmf-dist/tex/latex/a
msmath/amstext.sty
Package: amstext 2021/08/26 v2.01 AMS text

(d:/CommonSoftwares/ProductiveCodingEditors/texlive/2025/texmf-dist/tex/latex/a
msmath/amsgen.sty
File: amsgen.sty 1999/11/30 v2.0 generic functions
\@emptytoks=\toks18
\ex@=\dimen165
))
(d:/CommonSoftwares/ProductiveCodingEditors/texlive/2025/texmf-dist/tex/latex/a
msmath/amsbsy.sty
Package: amsbsy 1999/11/29 v1.2d Bold Symbols
\pmbraise@=\dimen166
)
(d:/CommonSoftwares/ProductiveCodingEditors/texlive/2025/texmf-dist/tex/latex/a
msmath/amsopn.sty
Package: amsopn 2022/04/08 v2.04 operator names
)
\inf@bad=\count277
LaTeX Info: Redefining \frac on input line 233.
\uproot@=\count278
\leftroot@=\count279
LaTeX Info: Redefining \overline on input line 398.
LaTeX Info: Redefining \colon on input line 409.
\classnum@=\count280
\DOTSCASE@=\count281
LaTeX Info: Redefining \ldots on input line 495.
LaTeX Info: Redefining \dots on input line 498.
LaTeX Info: Redefining \cdots on input line 619.
\Mathstrutbox@=\box54
\strutbox@=\box55
LaTeX Info: Redefining \big on input line 721.
LaTeX Info: Redefining \Big on input line 722.
LaTeX Info: Redefining \bigg on input line 723.
LaTeX Info: Redefining \Bigg on input line 724.
\big@size=\dimen167
LaTeX Font Info:    Redeclaring font encoding OML on input line 742.
LaTeX Font Info:    Redeclaring font encoding OMS on input line 743.
\macc@depth=\count282
LaTeX Info: Redefining \bmod on input line 904.
LaTeX Info: Redefining \pmod on input line 909.
LaTeX Info: Redefining \smash on input line 939.
LaTeX Info: Redefining \relbar on input line 969.
LaTeX Info: Redefining \Relbar on input line 970.
\c@MaxMatrixCols=\count283
\dotsspace@=\muskip17
\c@parentequation=\count284
\dspbrk@lvl=\count285
\tag@help=\toks19
\row@=\count286
\column@=\count287
\maxfields@=\count288
\andhelp@=\toks20
\eqnshift@=\dimen168
\alignsep@=\dimen169
\tagshift@=\dimen170
\tagwidth@=\dimen171
\totwidth@=\dimen172
\lineht@=\dimen173
\@envbody=\toks21
\multlinegap=\skip53
\multlinetaggap=\skip54
\mathdisplay@stack=\toks22
LaTeX Info: Redefining \[ on input line 2953.
LaTeX Info: Redefining \] on input line 2954.
)
(d:/CommonSoftwares/ProductiveCodingEditors/texlive/2025/texmf-dist/tex/latex/a
msfonts/amsfonts.sty
Package: amsfonts 2013/01/14 v3.01 Basic AMSFonts support
\symAMSa=\mathgroup4
\symAMSb=\mathgroup5
LaTeX Font Info:    Redeclaring math symbol \hbar on input line 98.
LaTeX Font Info:    Overwriting math alphabet `\mathfrak' in version `bold'
(Font)                  U/euf/m/n --> U/euf/b/n on input line 106.
)
(d:/CommonSoftwares/ProductiveCodingEditors/texlive/2025/texmf-dist/tex/latex/a
lgorithms/algorithmic.sty
Package: algorithmic 2009/08/24 v0.1 Document Style `algorithmic'

(d:/CommonSoftwares/ProductiveCodingEditors/texlive/2025/texmf-dist/tex/latex/b
ase/ifthen.sty
Package: ifthen 2024/03/16 v1.1e Standard LaTeX ifthen package (DPC)
)
(d:/CommonSoftwares/ProductiveCodingEditors/texlive/2025/texmf-dist/tex/latex/g
raphics/keyval.sty
Package: keyval 2022/05/29 v1.15 key=value parser (DPC)
\KV@toks@=\toks23
)
\c@ALC@unique=\count289
\c@ALC@line=\count290
\c@ALC@rem=\count291
\c@ALC@depth=\count292
\ALC@tlm=\skip55
\algorithmicindent=\skip56
)
(d:/CommonSoftwares/ProductiveCodingEditors/texlive/2025/texmf-dist/tex/latex/t
ools/array.sty
Package: array 2024/10/17 v2.6g Tabular extension package (FMi)
\col@sep=\dimen174
\ar@mcellbox=\box56
\extrarowheight=\dimen175
\NC@list=\toks24
\extratabsurround=\skip57
\backup@length=\skip58
\ar@cellbox=\box57
)
(d:/CommonSoftwares/ProductiveCodingEditors/texlive/2025/texmf-dist/tex/latex/s
ubfig/subfig.sty
Package: subfig 2005/06/28 ver: 1.3 subfig package

(d:/CommonSoftwares/ProductiveCodingEditors/texlive/2025/texmf-dist/tex/latex/c
aption/caption3.sty
Package: caption3 2023/07/31 v2.4d caption3 kernel (AR)
\caption@tempdima=\dimen176
\captionmargin=\dimen177
\caption@leftmargin=\dimen178
\caption@rightmargin=\dimen179
\caption@width=\dimen180
\caption@indent=\dimen181
\caption@parindent=\dimen182
\caption@hangindent=\dimen183
Package caption Info: Unknown document class (or package),
(caption)             standard defaults will be used.
Package caption Info: \@makecaption = \long macro:#1#2->\ifx \@captype \@IEEEta
blestring \footnotesize \bgroup \par \centering \@IEEEtabletopskipstrut {\norma
lfont \footnotesize #1}\\{\normalfont \footnotesize \scshape #2}\par \addvspace
 {0.5\baselineskip }\egroup \@IEEEtablecaptionsepspace \else \@IEEEfigurecaptio
nsepspace \setbox \@tempboxa \hbox {\normalfont \footnotesize {#1.}\nobreakspac
e \nobreakspace #2}\ifdim \wd \@tempboxa >\hsize \setbox \@tempboxa \hbox {\nor
malfont \footnotesize {#1.}\nobreakspace \nobreakspace }\parbox [t]{\hsize }{\n
ormalfont \footnotesize \noindent \unhbox \@tempboxa #2}\else \ifCLASSOPTIONcon
ference \hbox to\hsize {\normalfont \footnotesize \hfil \box \@tempboxa \hfil }
\else \hbox to\hsize {\normalfont \footnotesize \box \@tempboxa \hfil }\fi \fi 
\fi  on input line 1175.
)
\c@KVtest=\count293
\sf@farskip=\skip59
\sf@captopadj=\dimen184
\sf@capskip=\skip60
\sf@nearskip=\skip61
\c@subfigure=\count294
\c@subfigure@save=\count295
\c@lofdepth=\count296
\c@subtable=\count297
\c@subtable@save=\count298
\c@lotdepth=\count299
\sf@top=\skip62
\sf@bottom=\skip63
)
(d:/CommonSoftwares/ProductiveCodingEditors/texlive/2025/texmf-dist/tex/latex/b
ase/textcomp.sty
Package: textcomp 2024/04/24 v2.1b Standard LaTeX package
)
(d:/CommonSoftwares/ProductiveCodingEditors/texlive/2025/texmf-dist/tex/latex/s
ttools/stfloats.sty
Package: stfloats 2017/03/27 v3.3 Improve float mechanism and baselineskip sett
ings
\@dblbotnum=\count300
\c@dblbotnumber=\count301
)
(d:/CommonSoftwares/ProductiveCodingEditors/texlive/2025/texmf-dist/tex/latex/u
rl/url.sty
\Urlmuskip=\muskip18
Package: url 2013/09/16  ver 3.4  Verb mode for urls, etc.
)
(d:/CommonSoftwares/ProductiveCodingEditors/texlive/2025/texmf-dist/tex/latex/t
ools/verbatim.sty
Package: verbatim 2024-01-22 v1.5x LaTeX2e package for verbatim enhancements
\every@verbatim=\toks25
\verbatim@line=\toks26
\verbatim@in@stream=\read2
)
(d:/CommonSoftwares/ProductiveCodingEditors/texlive/2025/texmf-dist/tex/latex/g
raphics/graphicx.sty
Package: graphicx 2021/09/16 v1.2d Enhanced LaTeX Graphics (DPC,SPQR)

(d:/CommonSoftwares/ProductiveCodingEditors/texlive/2025/texmf-dist/tex/latex/g
raphics/graphics.sty
Package: graphics 2024/08/06 v1.4g Standard LaTeX Graphics (DPC,SPQR)

(d:/CommonSoftwares/ProductiveCodingEditors/texlive/2025/texmf-dist/tex/latex/g
raphics/trig.sty
Package: trig 2023/12/02 v1.11 sin cos tan (DPC)
)
(d:/CommonSoftwares/ProductiveCodingEditors/texlive/2025/texmf-dist/tex/latex/g
raphics-cfg/graphics.cfg
File: graphics.cfg 2016/06/04 v1.11 sample graphics configuration
)
Package graphics Info: Driver file: pdftex.def on input line 106.

(d:/CommonSoftwares/ProductiveCodingEditors/texlive/2025/texmf-dist/tex/latex/g
raphics-def/pdftex.def
File: pdftex.def 2024/04/13 v1.2c Graphics/color driver for pdftex
))
\Gin@req@height=\dimen185
\Gin@req@width=\dimen186
)
(d:/CommonSoftwares/ProductiveCodingEditors/texlive/2025/texmf-dist/tex/latex/t
itlesec/titlesec.sty
Package: titlesec 2025/01/04 v2.17 Sectioning titles
\ttl@box=\box58
\beforetitleunit=\skip64
\aftertitleunit=\skip65
\ttl@plus=\dimen187
\ttl@minus=\dimen188
\ttl@toksa=\toks27
\titlewidth=\dimen189
\titlewidthlast=\dimen190
\titlewidthfirst=\dimen191

Package titlesec Warning: Non standard sectioning command \subparagraph
(titlesec)                detected. Using default spacing and no format.

)
(d:/CommonSoftwares/ProductiveCodingEditors/texlive/2025/texmf-dist/tex/latex/p
reprint/balance.sty
Package: balance 1999/02/23 4.3 (PWD)
\oldvsize=\dimen192
)
(d:/CommonSoftwares/ProductiveCodingEditors/texlive/2025/texmf-dist/tex/latex/c
ite/cite.sty
LaTeX Info: Redefining \cite on input line 302.
LaTeX Info: Redefining \nocite on input line 332.
Package: cite 2015/02/27  v 5.5
)
(d:/CommonSoftwares/ProductiveCodingEditors/texlive/2025/texmf-dist/tex/latex/t
ools/tabularx.sty
Package: tabularx 2023/12/11 v2.12a `tabularx' package (DPC)
\TX@col@width=\dimen193
\TX@old@table=\dimen194
\TX@old@col=\dimen195
\TX@target=\dimen196
\TX@delta=\dimen197
\TX@cols=\count302
\TX@ftn=\toks28
)
(d:/CommonSoftwares/ProductiveCodingEditors/texlive/2025/texmf-dist/tex/latex/u
nits/nicefrac.sty
Package: nicefrac 1998/08/04 v0.9b Nice fractions
\L@UnitsRaiseDisplaystyle=\skip66
\L@UnitsRaiseTextstyle=\skip67
\L@UnitsRaiseScriptstyle=\skip68
LaTeX Info: Redefining \nicefrac on input line 131.
)
(d:/CommonSoftwares/ProductiveCodingEditors/texlive/2025/texmf-dist/tex/latex/m
ultirow/multirow.sty
Package: multirow 2024/11/12 v2.9 Span multiple rows of a table
\multirow@colwidth=\skip69
\multirow@cntb=\count303
\multirow@dima=\skip70
\bigstrutjot=\dimen198
)
(d:/CommonSoftwares/ProductiveCodingEditors/texlive/2025/texmf-dist/tex/latex/n
omencl/nomencl.sty
Package: nomencl 2021/11/10 v5.6 Nomenclature package

(d:/CommonSoftwares/ProductiveCodingEditors/texlive/2025/texmf-dist/tex/latex/x
keyval/xkeyval.sty
Package: xkeyval 2022/06/16 v2.9 package option processing (HA)

(d:/CommonSoftwares/ProductiveCodingEditors/texlive/2025/texmf-dist/tex/generic
/xkeyval/xkeyval.tex
(d:/CommonSoftwares/ProductiveCodingEditors/texlive/2025/texmf-dist/tex/generic
/xkeyval/xkvutils.tex
\XKV@toks=\toks29
\XKV@tempa@toks=\toks30
)
\XKV@depth=\count304
File: xkeyval.tex 2014/12/03 v2.7a key=value parser (HA)
))
(d:/CommonSoftwares/ProductiveCodingEditors/texlive/2025/texmf-dist/tex/latex/k
oma-script/tocbasic.sty
Package: tocbasic 2024/10/24 v3.43 KOMA-Script package (handling toc-files)

(d:/CommonSoftwares/ProductiveCodingEditors/texlive/2025/texmf-dist/tex/latex/k
oma-script/scrbase.sty
Package: scrbase 2024/10/24 v3.43 KOMA-Script package (KOMA-Script-independent 
basics and keyval usage)

(d:/CommonSoftwares/ProductiveCodingEditors/texlive/2025/texmf-dist/tex/latex/k
oma-script/scrlfile.sty
Package: scrlfile 2024/10/24 v3.43 KOMA-Script package (file load hooks)

(d:/CommonSoftwares/ProductiveCodingEditors/texlive/2025/texmf-dist/tex/latex/k
oma-script/scrlfile-hook.sty
Package: scrlfile-hook 2024/10/24 v3.43 KOMA-Script package (using LaTeX hooks)


(d:/CommonSoftwares/ProductiveCodingEditors/texlive/2025/texmf-dist/tex/latex/k
oma-script/scrlogo.sty
Package: scrlogo 2024/10/24 v3.43 KOMA-Script package (logo)
)))
Applying: [2021/05/01] Usage of raw or classic option list on input line 254.
Already applied: [0000/00/00] Usage of raw or classic option list on input line
 370.
)
\scr@dte@tocline@numberwidth=\skip71
\scr@dte@tocline@numbox=\box59
)
Package tocbasic Info: omitting babel extension for `nlo'
(tocbasic)             because of missing \bbl@set@language on input line 187.
Package tocbasic Info: omitting babel extension for `nls'
(tocbasic)             because of missing \bbl@set@language on input line 188.
\nomlabelwidth=\dimen199
\nom@tempdim=\dimen256
\nomitemsep=\skip72
)
(d:/CommonSoftwares/ProductiveCodingEditors/texlive/2025/texmf-dist/tex/latex/t
colorbox/tcolorbox.sty
Package: tcolorbox 2024/10/22 version 6.4.1 text color boxes

(d:/CommonSoftwares/ProductiveCodingEditors/texlive/2025/texmf-dist/tex/latex/p
gf/frontendlayer/tikz.sty
(d:/CommonSoftwares/ProductiveCodingEditors/texlive/2025/texmf-dist/tex/latex/p
gf/basiclayer/pgf.sty
(d:/CommonSoftwares/ProductiveCodingEditors/texlive/2025/texmf-dist/tex/latex/p
gf/utilities/pgfrcs.sty
(d:/CommonSoftwares/ProductiveCodingEditors/texlive/2025/texmf-dist/tex/generic
/pgf/utilities/pgfutil-common.tex
\pgfutil@everybye=\toks31
\pgfutil@tempdima=\dimen257
\pgfutil@tempdimb=\dimen258
)
(d:/CommonSoftwares/ProductiveCodingEditors/texlive/2025/texmf-dist/tex/generic
/pgf/utilities/pgfutil-latex.def
\pgfutil@abb=\box60
)
(d:/CommonSoftwares/ProductiveCodingEditors/texlive/2025/texmf-dist/tex/generic
/pgf/utilities/pgfrcs.code.tex
(d:/CommonSoftwares/ProductiveCodingEditors/texlive/2025/texmf-dist/tex/generic
/pgf/pgf.revision.tex)
Package: pgfrcs 2023-01-15 v3.1.10 (3.1.10)
))
Package: pgf 2023-01-15 v3.1.10 (3.1.10)

(d:/CommonSoftwares/ProductiveCodingEditors/texlive/2025/texmf-dist/tex/latex/p
gf/basiclayer/pgfcore.sty
(d:/CommonSoftwares/ProductiveCodingEditors/texlive/2025/texmf-dist/tex/latex/p
gf/systemlayer/pgfsys.sty
(d:/CommonSoftwares/ProductiveCodingEditors/texlive/2025/texmf-dist/tex/generic
/pgf/systemlayer/pgfsys.code.tex
Package: pgfsys 2023-01-15 v3.1.10 (3.1.10)

(d:/CommonSoftwares/ProductiveCodingEditors/texlive/2025/texmf-dist/tex/generic
/pgf/utilities/pgfkeys.code.tex
\pgfkeys@pathtoks=\toks32
\pgfkeys@temptoks=\toks33

(d:/CommonSoftwares/ProductiveCodingEditors/texlive/2025/texmf-dist/tex/generic
/pgf/utilities/pgfkeyslibraryfiltered.code.tex
\pgfkeys@tmptoks=\toks34
))
\pgf@x=\dimen259
\pgf@y=\dimen260
\pgf@xa=\dimen261
\pgf@ya=\dimen262
\pgf@xb=\dimen263
\pgf@yb=\dimen264
\pgf@xc=\dimen265
\pgf@yc=\dimen266
\pgf@xd=\dimen267
\pgf@yd=\dimen268
\w@pgf@writea=\write3
\r@pgf@reada=\read3
\c@pgf@counta=\count305
\c@pgf@countb=\count306
\c@pgf@countc=\count307
\c@pgf@countd=\count308
\t@pgf@toka=\toks35
\t@pgf@tokb=\toks36
\t@pgf@tokc=\toks37
\pgf@sys@id@count=\count309

(d:/CommonSoftwares/ProductiveCodingEditors/texlive/2025/texmf-dist/tex/generic
/pgf/systemlayer/pgf.cfg
File: pgf.cfg 2023-01-15 v3.1.10 (3.1.10)
)
Driver file for pgf: pgfsys-pdftex.def

(d:/CommonSoftwares/ProductiveCodingEditors/texlive/2025/texmf-dist/tex/generic
/pgf/systemlayer/pgfsys-pdftex.def
File: pgfsys-pdftex.def 2023-01-15 v3.1.10 (3.1.10)

(d:/CommonSoftwares/ProductiveCodingEditors/texlive/2025/texmf-dist/tex/generic
/pgf/systemlayer/pgfsys-common-pdf.def
File: pgfsys-common-pdf.def 2023-01-15 v3.1.10 (3.1.10)
)))
(d:/CommonSoftwares/ProductiveCodingEditors/texlive/2025/texmf-dist/tex/generic
/pgf/systemlayer/pgfsyssoftpath.code.tex
File: pgfsyssoftpath.code.tex 2023-01-15 v3.1.10 (3.1.10)
\pgfsyssoftpath@smallbuffer@items=\count310
\pgfsyssoftpath@bigbuffer@items=\count311
)
(d:/CommonSoftwares/ProductiveCodingEditors/texlive/2025/texmf-dist/tex/generic
/pgf/systemlayer/pgfsysprotocol.code.tex
File: pgfsysprotocol.code.tex 2023-01-15 v3.1.10 (3.1.10)
))
(d:/CommonSoftwares/ProductiveCodingEditors/texlive/2025/texmf-dist/tex/latex/x
color/xcolor.sty
Package: xcolor 2024/09/29 v3.02 LaTeX color extensions (UK)

(d:/CommonSoftwares/ProductiveCodingEditors/texlive/2025/texmf-dist/tex/latex/g
raphics-cfg/color.cfg
File: color.cfg 2016/01/02 v1.6 sample color configuration
)
Package xcolor Info: Driver file: pdftex.def on input line 274.

(d:/CommonSoftwares/ProductiveCodingEditors/texlive/2025/texmf-dist/tex/latex/g
raphics/mathcolor.ltx)
Package xcolor Info: Model `cmy' substituted by `cmy0' on input line 1349.
Package xcolor Info: Model `hsb' substituted by `rgb' on input line 1353.
Package xcolor Info: Model `RGB' extended on input line 1365.
Package xcolor Info: Model `HTML' substituted by `rgb' on input line 1367.
Package xcolor Info: Model `Hsb' substituted by `hsb' on input line 1368.
Package xcolor Info: Model `tHsb' substituted by `hsb' on input line 1369.
Package xcolor Info: Model `HSB' substituted by `hsb' on input line 1370.
Package xcolor Info: Model `Gray' substituted by `gray' on input line 1371.
Package xcolor Info: Model `wave' substituted by `hsb' on input line 1372.
)
(d:/CommonSoftwares/ProductiveCodingEditors/texlive/2025/texmf-dist/tex/generic
/pgf/basiclayer/pgfcore.code.tex
Package: pgfcore 2023-01-15 v3.1.10 (3.1.10)

(d:/CommonSoftwares/ProductiveCodingEditors/texlive/2025/texmf-dist/tex/generic
/pgf/math/pgfmath.code.tex
(d:/CommonSoftwares/ProductiveCodingEditors/texlive/2025/texmf-dist/tex/generic
/pgf/math/pgfmathutil.code.tex)
(d:/CommonSoftwares/ProductiveCodingEditors/texlive/2025/texmf-dist/tex/generic
/pgf/math/pgfmathparser.code.tex
\pgfmath@dimen=\dimen269
\pgfmath@count=\count312
\pgfmath@box=\box61
\pgfmath@toks=\toks38
\pgfmath@stack@operand=\toks39
\pgfmath@stack@operation=\toks40
)
(d:/CommonSoftwares/ProductiveCodingEditors/texlive/2025/texmf-dist/tex/generic
/pgf/math/pgfmathfunctions.code.tex)
(d:/CommonSoftwares/ProductiveCodingEditors/texlive/2025/texmf-dist/tex/generic
/pgf/math/pgfmathfunctions.basic.code.tex)
(d:/CommonSoftwares/ProductiveCodingEditors/texlive/2025/texmf-dist/tex/generic
/pgf/math/pgfmathfunctions.trigonometric.code.tex)
(d:/CommonSoftwares/ProductiveCodingEditors/texlive/2025/texmf-dist/tex/generic
/pgf/math/pgfmathfunctions.random.code.tex)
(d:/CommonSoftwares/ProductiveCodingEditors/texlive/2025/texmf-dist/tex/generic
/pgf/math/pgfmathfunctions.comparison.code.tex)
(d:/CommonSoftwares/ProductiveCodingEditors/texlive/2025/texmf-dist/tex/generic
/pgf/math/pgfmathfunctions.base.code.tex)
(d:/CommonSoftwares/ProductiveCodingEditors/texlive/2025/texmf-dist/tex/generic
/pgf/math/pgfmathfunctions.round.code.tex)
(d:/CommonSoftwares/ProductiveCodingEditors/texlive/2025/texmf-dist/tex/generic
/pgf/math/pgfmathfunctions.misc.code.tex)
(d:/CommonSoftwares/ProductiveCodingEditors/texlive/2025/texmf-dist/tex/generic
/pgf/math/pgfmathfunctions.integerarithmetics.code.tex)
(d:/CommonSoftwares/ProductiveCodingEditors/texlive/2025/texmf-dist/tex/generic
/pgf/math/pgfmathcalc.code.tex)
(d:/CommonSoftwares/ProductiveCodingEditors/texlive/2025/texmf-dist/tex/generic
/pgf/math/pgfmathfloat.code.tex
\c@pgfmathroundto@lastzeros=\count313
))
(d:/CommonSoftwares/ProductiveCodingEditors/texlive/2025/texmf-dist/tex/generic
/pgf/math/pgfint.code.tex)
(d:/CommonSoftwares/ProductiveCodingEditors/texlive/2025/texmf-dist/tex/generic
/pgf/basiclayer/pgfcorepoints.code.tex
File: pgfcorepoints.code.tex 2023-01-15 v3.1.10 (3.1.10)
\pgf@picminx=\dimen270
\pgf@picmaxx=\dimen271
\pgf@picminy=\dimen272
\pgf@picmaxy=\dimen273
\pgf@pathminx=\dimen274
\pgf@pathmaxx=\dimen275
\pgf@pathminy=\dimen276
\pgf@pathmaxy=\dimen277
\pgf@xx=\dimen278
\pgf@xy=\dimen279
\pgf@yx=\dimen280
\pgf@yy=\dimen281
\pgf@zx=\dimen282
\pgf@zy=\dimen283
)
(d:/CommonSoftwares/ProductiveCodingEditors/texlive/2025/texmf-dist/tex/generic
/pgf/basiclayer/pgfcorepathconstruct.code.tex
File: pgfcorepathconstruct.code.tex 2023-01-15 v3.1.10 (3.1.10)
\pgf@path@lastx=\dimen284
\pgf@path@lasty=\dimen285
)
(d:/CommonSoftwares/ProductiveCodingEditors/texlive/2025/texmf-dist/tex/generic
/pgf/basiclayer/pgfcorepathusage.code.tex
File: pgfcorepathusage.code.tex 2023-01-15 v3.1.10 (3.1.10)
\pgf@shorten@end@additional=\dimen286
\pgf@shorten@start@additional=\dimen287
)
(d:/CommonSoftwares/ProductiveCodingEditors/texlive/2025/texmf-dist/tex/generic
/pgf/basiclayer/pgfcorescopes.code.tex
File: pgfcorescopes.code.tex 2023-01-15 v3.1.10 (3.1.10)
\pgfpic=\box62
\pgf@hbox=\box63
\pgf@layerbox@main=\box64
\pgf@picture@serial@count=\count314
)
(d:/CommonSoftwares/ProductiveCodingEditors/texlive/2025/texmf-dist/tex/generic
/pgf/basiclayer/pgfcoregraphicstate.code.tex
File: pgfcoregraphicstate.code.tex 2023-01-15 v3.1.10 (3.1.10)
\pgflinewidth=\dimen288
)
(d:/CommonSoftwares/ProductiveCodingEditors/texlive/2025/texmf-dist/tex/generic
/pgf/basiclayer/pgfcoretransformations.code.tex
File: pgfcoretransformations.code.tex 2023-01-15 v3.1.10 (3.1.10)
\pgf@pt@x=\dimen289
\pgf@pt@y=\dimen290
\pgf@pt@temp=\dimen291
)
(d:/CommonSoftwares/ProductiveCodingEditors/texlive/2025/texmf-dist/tex/generic
/pgf/basiclayer/pgfcorequick.code.tex
File: pgfcorequick.code.tex 2023-01-15 v3.1.10 (3.1.10)
)
(d:/CommonSoftwares/ProductiveCodingEditors/texlive/2025/texmf-dist/tex/generic
/pgf/basiclayer/pgfcoreobjects.code.tex
File: pgfcoreobjects.code.tex 2023-01-15 v3.1.10 (3.1.10)
)
(d:/CommonSoftwares/ProductiveCodingEditors/texlive/2025/texmf-dist/tex/generic
/pgf/basiclayer/pgfcorepathprocessing.code.tex
File: pgfcorepathprocessing.code.tex 2023-01-15 v3.1.10 (3.1.10)
)
(d:/CommonSoftwares/ProductiveCodingEditors/texlive/2025/texmf-dist/tex/generic
/pgf/basiclayer/pgfcorearrows.code.tex
File: pgfcorearrows.code.tex 2023-01-15 v3.1.10 (3.1.10)
\pgfarrowsep=\dimen292
)
(d:/CommonSoftwares/ProductiveCodingEditors/texlive/2025/texmf-dist/tex/generic
/pgf/basiclayer/pgfcoreshade.code.tex
File: pgfcoreshade.code.tex 2023-01-15 v3.1.10 (3.1.10)
\pgf@max=\dimen293
\pgf@sys@shading@range@num=\count315
\pgf@shadingcount=\count316
)
(d:/CommonSoftwares/ProductiveCodingEditors/texlive/2025/texmf-dist/tex/generic
/pgf/basiclayer/pgfcoreimage.code.tex
File: pgfcoreimage.code.tex 2023-01-15 v3.1.10 (3.1.10)
)
(d:/CommonSoftwares/ProductiveCodingEditors/texlive/2025/texmf-dist/tex/generic
/pgf/basiclayer/pgfcoreexternal.code.tex
File: pgfcoreexternal.code.tex 2023-01-15 v3.1.10 (3.1.10)
\pgfexternal@startupbox=\box65
)
(d:/CommonSoftwares/ProductiveCodingEditors/texlive/2025/texmf-dist/tex/generic
/pgf/basiclayer/pgfcorelayers.code.tex
File: pgfcorelayers.code.tex 2023-01-15 v3.1.10 (3.1.10)
)
(d:/CommonSoftwares/ProductiveCodingEditors/texlive/2025/texmf-dist/tex/generic
/pgf/basiclayer/pgfcoretransparency.code.tex
File: pgfcoretransparency.code.tex 2023-01-15 v3.1.10 (3.1.10)
)
(d:/CommonSoftwares/ProductiveCodingEditors/texlive/2025/texmf-dist/tex/generic
/pgf/basiclayer/pgfcorepatterns.code.tex
File: pgfcorepatterns.code.tex 2023-01-15 v3.1.10 (3.1.10)
)
(d:/CommonSoftwares/ProductiveCodingEditors/texlive/2025/texmf-dist/tex/generic
/pgf/basiclayer/pgfcorerdf.code.tex
File: pgfcorerdf.code.tex 2023-01-15 v3.1.10 (3.1.10)
)))
(d:/CommonSoftwares/ProductiveCodingEditors/texlive/2025/texmf-dist/tex/generic
/pgf/modules/pgfmoduleshapes.code.tex
File: pgfmoduleshapes.code.tex 2023-01-15 v3.1.10 (3.1.10)
\pgfnodeparttextbox=\box66
)
(d:/CommonSoftwares/ProductiveCodingEditors/texlive/2025/texmf-dist/tex/generic
/pgf/modules/pgfmoduleplot.code.tex
File: pgfmoduleplot.code.tex 2023-01-15 v3.1.10 (3.1.10)
)
(d:/CommonSoftwares/ProductiveCodingEditors/texlive/2025/texmf-dist/tex/latex/p
gf/compatibility/pgfcomp-version-0-65.sty
Package: pgfcomp-version-0-65 2023-01-15 v3.1.10 (3.1.10)
\pgf@nodesepstart=\dimen294
\pgf@nodesepend=\dimen295
)
(d:/CommonSoftwares/ProductiveCodingEditors/texlive/2025/texmf-dist/tex/latex/p
gf/compatibility/pgfcomp-version-1-18.sty
Package: pgfcomp-version-1-18 2023-01-15 v3.1.10 (3.1.10)
))
(d:/CommonSoftwares/ProductiveCodingEditors/texlive/2025/texmf-dist/tex/latex/p
gf/utilities/pgffor.sty
(d:/CommonSoftwares/ProductiveCodingEditors/texlive/2025/texmf-dist/tex/latex/p
gf/utilities/pgfkeys.sty
(d:/CommonSoftwares/ProductiveCodingEditors/texlive/2025/texmf-dist/tex/generic
/pgf/utilities/pgfkeys.code.tex))
(d:/CommonSoftwares/ProductiveCodingEditors/texlive/2025/texmf-dist/tex/latex/p
gf/math/pgfmath.sty
(d:/CommonSoftwares/ProductiveCodingEditors/texlive/2025/texmf-dist/tex/generic
/pgf/math/pgfmath.code.tex))
(d:/CommonSoftwares/ProductiveCodingEditors/texlive/2025/texmf-dist/tex/generic
/pgf/utilities/pgffor.code.tex
Package: pgffor 2023-01-15 v3.1.10 (3.1.10)
\pgffor@iter=\dimen296
\pgffor@skip=\dimen297
\pgffor@stack=\toks41
\pgffor@toks=\toks42
))
(d:/CommonSoftwares/ProductiveCodingEditors/texlive/2025/texmf-dist/tex/generic
/pgf/frontendlayer/tikz/tikz.code.tex
Package: tikz 2023-01-15 v3.1.10 (3.1.10)

(d:/CommonSoftwares/ProductiveCodingEditors/texlive/2025/texmf-dist/tex/generic
/pgf/libraries/pgflibraryplothandlers.code.tex
File: pgflibraryplothandlers.code.tex 2023-01-15 v3.1.10 (3.1.10)
\pgf@plot@mark@count=\count317
\pgfplotmarksize=\dimen298
)
\tikz@lastx=\dimen299
\tikz@lasty=\dimen300
\tikz@lastxsaved=\dimen301
\tikz@lastysaved=\dimen302
\tikz@lastmovetox=\dimen303
\tikz@lastmovetoy=\dimen304
\tikzleveldistance=\dimen305
\tikzsiblingdistance=\dimen306
\tikz@figbox=\box67
\tikz@figbox@bg=\box68
\tikz@tempbox=\box69
\tikz@tempbox@bg=\box70
\tikztreelevel=\count318
\tikznumberofchildren=\count319
\tikznumberofcurrentchild=\count320
\tikz@fig@count=\count321

(d:/CommonSoftwares/ProductiveCodingEditors/texlive/2025/texmf-dist/tex/generic
/pgf/modules/pgfmodulematrix.code.tex
File: pgfmodulematrix.code.tex 2023-01-15 v3.1.10 (3.1.10)
\pgfmatrixcurrentrow=\count322
\pgfmatrixcurrentcolumn=\count323
\pgf@matrix@numberofcolumns=\count324
)
\tikz@expandcount=\count325

(d:/CommonSoftwares/ProductiveCodingEditors/texlive/2025/texmf-dist/tex/generic
/pgf/frontendlayer/tikz/libraries/tikzlibrarytopaths.code.tex
File: tikzlibrarytopaths.code.tex 2023-01-15 v3.1.10 (3.1.10)
)))
(d:/CommonSoftwares/ProductiveCodingEditors/texlive/2025/texmf-dist/tex/latex/e
nviron/environ.sty
Package: environ 2014/05/04 v0.3 A new way to define environments

(d:/CommonSoftwares/ProductiveCodingEditors/texlive/2025/texmf-dist/tex/latex/t
rimspaces/trimspaces.sty
Package: trimspaces 2009/09/17 v1.1 Trim spaces around a token list
))
(d:/CommonSoftwares/ProductiveCodingEditors/texlive/2025/texmf-dist/tex/latex/e
toolbox/etoolbox.sty
Package: etoolbox 2025/02/11 v2.5l e-TeX tools for LaTeX (JAW)
\etb@tempcnta=\count326
)
\tcb@titlebox=\box71
\tcb@upperbox=\box72
\tcb@lowerbox=\box73
\tcb@phantombox=\box74
\c@tcbbreakpart=\count327
\c@tcblayer=\count328
\c@tcolorbox@number=\count329
\l__tcobox_tmpa_box=\box75
\l__tcobox_tmpa_dim=\dimen307
\tcb@temp=\box76
\tcb@temp=\box77
\tcb@temp=\box78
\tcb@temp=\box79
)
(d:/CommonSoftwares/ProductiveCodingEditors/texlive/2025/texmf-dist/tex/latex/e
numitem/enumitem.sty
Package: enumitem 2025/02/06 v3.11 Customized lists
\labelindent=\skip73
\enit@outerparindent=\dimen308
\enit@toks=\toks43
\enit@inbox=\box80
\enit@count@id=\count330
\enitdp@description=\count331
)
\@nomenclaturefile=\write4
\openout4 = `New_IEEEtran_how-to.nlo'.

Package nomencl Info: Writing nomenclature file New_IEEEtran_how-to.nlo on inpu
t line 49.

(d:/CommonSoftwares/ProductiveCodingEditors/texlive/2025/texmf-dist/tex/latex/h
yperref/hyperref.sty
Package: hyperref 2024-11-05 v7.01l Hypertext links for LaTeX

(d:/CommonSoftwares/ProductiveCodingEditors/texlive/2025/texmf-dist/tex/generic
/iftex/iftex.sty
Package: iftex 2024/12/12 v1.0g TeX engine tests
)
(d:/CommonSoftwares/ProductiveCodingEditors/texlive/2025/texmf-dist/tex/latex/k
vsetkeys/kvsetkeys.sty
Package: kvsetkeys 2022-10-05 v1.19 Key value parser (HO)
)
(d:/CommonSoftwares/ProductiveCodingEditors/texlive/2025/texmf-dist/tex/generic
/kvdefinekeys/kvdefinekeys.sty
Package: kvdefinekeys 2019-12-19 v1.6 Define keys (HO)
)
(d:/CommonSoftwares/ProductiveCodingEditors/texlive/2025/texmf-dist/tex/generic
/pdfescape/pdfescape.sty
Package: pdfescape 2019/12/09 v1.15 Implements pdfTeX's escape features (HO)

(d:/CommonSoftwares/ProductiveCodingEditors/texlive/2025/texmf-dist/tex/generic
/ltxcmds/ltxcmds.sty
Package: ltxcmds 2023-12-04 v1.26 LaTeX kernel commands for general use (HO)
)
(d:/CommonSoftwares/ProductiveCodingEditors/texlive/2025/texmf-dist/tex/generic
/pdftexcmds/pdftexcmds.sty
Package: pdftexcmds 2020-06-27 v0.33 Utility functions of pdfTeX for LuaTeX (HO
)

(d:/CommonSoftwares/ProductiveCodingEditors/texlive/2025/texmf-dist/tex/generic
/infwarerr/infwarerr.sty
Package: infwarerr 2019/12/03 v1.5 Providing info/warning/error messages (HO)
)
Package pdftexcmds Info: \pdf@primitive is available.
Package pdftexcmds Info: \pdf@ifprimitive is available.
Package pdftexcmds Info: \pdfdraftmode found.
))
(d:/CommonSoftwares/ProductiveCodingEditors/texlive/2025/texmf-dist/tex/latex/h
ycolor/hycolor.sty
Package: hycolor 2020-01-27 v1.10 Color options for hyperref/bookmark (HO)
)
(d:/CommonSoftwares/ProductiveCodingEditors/texlive/2025/texmf-dist/tex/latex/h
yperref/nameref.sty
Package: nameref 2023-11-26 v2.56 Cross-referencing by name of section

(d:/CommonSoftwares/ProductiveCodingEditors/texlive/2025/texmf-dist/tex/latex/r
efcount/refcount.sty
Package: refcount 2019/12/15 v3.6 Data extraction from label references (HO)
)
(d:/CommonSoftwares/ProductiveCodingEditors/texlive/2025/texmf-dist/tex/generic
/gettitlestring/gettitlestring.sty
Package: gettitlestring 2019/12/15 v1.6 Cleanup title references (HO)

(d:/CommonSoftwares/ProductiveCodingEditors/texlive/2025/texmf-dist/tex/latex/k
voptions/kvoptions.sty
Package: kvoptions 2022-06-15 v3.15 Key value format for package options (HO)
))
\c@section@level=\count332
)
(d:/CommonSoftwares/ProductiveCodingEditors/texlive/2025/texmf-dist/tex/generic
/stringenc/stringenc.sty
Package: stringenc 2019/11/29 v1.12 Convert strings between diff. encodings (HO
)
)
\@linkdim=\dimen309
\Hy@linkcounter=\count333
\Hy@pagecounter=\count334

(d:/CommonSoftwares/ProductiveCodingEditors/texlive/2025/texmf-dist/tex/latex/h
yperref/pd1enc.def
File: pd1enc.def 2024-11-05 v7.01l Hyperref: PDFDocEncoding definition (HO)
Now handling font encoding PD1 ...
... no UTF-8 mapping file for font encoding PD1
)
(d:/CommonSoftwares/ProductiveCodingEditors/texlive/2025/texmf-dist/tex/generic
/intcalc/intcalc.sty
Package: intcalc 2019/12/15 v1.3 Expandable calculations with integers (HO)
)
\Hy@SavedSpaceFactor=\count335

(d:/CommonSoftwares/ProductiveCodingEditors/texlive/2025/texmf-dist/tex/latex/h
yperref/puenc.def
File: puenc.def 2024-11-05 v7.01l Hyperref: PDF Unicode definition (HO)
Now handling font encoding PU ...
... no UTF-8 mapping file for font encoding PU
)
Package hyperref Info: Option `colorlinks' set `true' on input line 4040.
Package hyperref Info: Hyper figures OFF on input line 4157.
Package hyperref Info: Link nesting OFF on input line 4162.
Package hyperref Info: Hyper index ON on input line 4165.
Package hyperref Info: Plain pages OFF on input line 4172.
Package hyperref Info: Backreferencing OFF on input line 4177.
Package hyperref Info: Implicit mode ON; LaTeX internals redefined.
Package hyperref Info: Bookmarks ON on input line 4424.
\c@Hy@tempcnt=\count336
LaTeX Info: Redefining \url on input line 4763.
\XeTeXLinkMargin=\dimen310

(d:/CommonSoftwares/ProductiveCodingEditors/texlive/2025/texmf-dist/tex/generic
/bitset/bitset.sty
Package: bitset 2019/12/09 v1.3 Handle bit-vector datatype (HO)

(d:/CommonSoftwares/ProductiveCodingEditors/texlive/2025/texmf-dist/tex/generic
/bigintcalc/bigintcalc.sty
Package: bigintcalc 2019/12/15 v1.5 Expandable calculations on big integers (HO
)
))
\Fld@menulength=\count337
\Field@Width=\dimen311
\Fld@charsize=\dimen312
Package hyperref Info: Hyper figures OFF on input line 6042.
Package hyperref Info: Link nesting OFF on input line 6047.
Package hyperref Info: Hyper index ON on input line 6050.
Package hyperref Info: backreferencing OFF on input line 6057.
Package hyperref Info: Link coloring ON on input line 6060.
Package hyperref Info: Link coloring with OCG OFF on input line 6067.
Package hyperref Info: PDF/A mode OFF on input line 6072.

(d:/CommonSoftwares/ProductiveCodingEditors/texlive/2025/texmf-dist/tex/latex/b
ase/atbegshi-ltx.sty
Package: atbegshi-ltx 2021/01/10 v1.0c Emulation of the original atbegshi
package with kernel methods
)
\Hy@abspage=\count338
\c@Item=\count339
\c@Hfootnote=\count340
)
Package hyperref Info: Driver (autodetected): hpdftex.

(d:/CommonSoftwares/ProductiveCodingEditors/texlive/2025/texmf-dist/tex/latex/h
yperref/hpdftex.def
File: hpdftex.def 2024-11-05 v7.01l Hyperref driver for pdfTeX

(d:/CommonSoftwares/ProductiveCodingEditors/texlive/2025/texmf-dist/tex/latex/b
ase/atveryend-ltx.sty
Package: atveryend-ltx 2020/08/19 v1.0a Emulation of the original atveryend pac
kage
with kernel methods
)
\Fld@listcount=\count341
\c@bookmark@seq@number=\count342

(d:/CommonSoftwares/ProductiveCodingEditors/texlive/2025/texmf-dist/tex/latex/r
erunfilecheck/rerunfilecheck.sty
Package: rerunfilecheck 2022-07-10 v1.10 Rerun checks for auxiliary files (HO)

(d:/CommonSoftwares/ProductiveCodingEditors/texlive/2025/texmf-dist/tex/generic
/uniquecounter/uniquecounter.sty
Package: uniquecounter 2019/12/15 v1.4 Provide unlimited unique counter (HO)
)
Package uniquecounter Info: New unique counter `rerunfilecheck' on input line 2
85.
)
\Hy@SectionHShift=\skip74
) (./nomenclatures.tex)
(d:/CommonSoftwares/ProductiveCodingEditors/texlive/2025/texmf-dist/tex/latex/l
3backend/l3backend-pdftex.def
File: l3backend-pdftex.def 2024-05-08 L3 backend support: PDF output (pdfTeX)
\l__color_backend_stack_int=\count343
\l__pdf_internal_box=\box81
)

LaTeX Warning: Unused global option(s):
    [lettersize].

(./New_IEEEtran_how-to.aux)
\openout1 = `New_IEEEtran_how-to.aux'.

LaTeX Font Info:    Checking defaults for OML/cmm/m/it on input line 58.
LaTeX Font Info:    ... okay on input line 58.
LaTeX Font Info:    Checking defaults for OMS/cmsy/m/n on input line 58.
LaTeX Font Info:    ... okay on input line 58.
LaTeX Font Info:    Checking defaults for OT1/cmr/m/n on input line 58.
LaTeX Font Info:    ... okay on input line 58.
LaTeX Font Info:    Checking defaults for T1/cmr/m/n on input line 58.
LaTeX Font Info:    ... okay on input line 58.
LaTeX Font Info:    Checking defaults for TS1/cmr/m/n on input line 58.
LaTeX Font Info:    ... okay on input line 58.
LaTeX Font Info:    Checking defaults for OMX/cmex/m/n on input line 58.
LaTeX Font Info:    ... okay on input line 58.
LaTeX Font Info:    Checking defaults for U/cmr/m/n on input line 58.
LaTeX Font Info:    ... okay on input line 58.
LaTeX Font Info:    Checking defaults for PD1/pdf/m/n on input line 58.
LaTeX Font Info:    ... okay on input line 58.
LaTeX Font Info:    Checking defaults for PU/pdf/m/n on input line 58.
LaTeX Font Info:    ... okay on input line 58.
-- Lines per column: 58 (exact).
Package caption Info: Begin \AtBeginDocument code.
Package caption Info: subfig package v1.3 is loaded.
Package caption Info: End \AtBeginDocument code.

(d:/CommonSoftwares/ProductiveCodingEditors/texlive/2025/texmf-dist/tex/context
/base/mkii/supp-pdf.mkii
[Loading MPS to PDF converter (version 2006.09.02).]
\scratchcounter=\count344
\scratchdimen=\dimen313
\scratchbox=\box82
\nofMPsegments=\count345
\nofMParguments=\count346
\everyMPshowfont=\toks44
\MPscratchCnt=\count347
\MPscratchDim=\dimen314
\MPnumerator=\count348
\makeMPintoPDFobject=\count349
\everyMPtoPDFconversion=\toks45
)
(d:/CommonSoftwares/ProductiveCodingEditors/texlive/2025/texmf-dist/tex/latex/e
pstopdf-pkg/epstopdf-base.sty
Package: epstopdf-base 2020-01-24 v2.11 Base part for package epstopdf
Package epstopdf-base Info: Redefining graphics rule for `.eps' on input line 4
85.

(d:/CommonSoftwares/ProductiveCodingEditors/texlive/2025/texmf-dist/tex/latex/l
atexconfig/epstopdf-sys.cfg
File: epstopdf-sys.cfg 2010/07/13 v1.3 Configuration of (r)epstopdf for TeX Liv
e
))
Package hyperref Info: Link coloring ON on input line 58.
(./New_IEEEtran_how-to.out) (./New_IEEEtran_how-to.out)
\@outlinefile=\write5
\openout5 = `New_IEEEtran_how-to.out'.

(./New_IEEEtran_how-to.nls
LaTeX Font Info:    Trying to load font information for U+msa on input line 4.

(d:/CommonSoftwares/ProductiveCodingEditors/texlive/2025/texmf-dist/tex/latex/a
msfonts/umsa.fd
File: umsa.fd 2013/01/14 v3.01 AMS symbols A
)
LaTeX Font Info:    Trying to load font information for U+msb on input line 4.

(d:/CommonSoftwares/ProductiveCodingEditors/texlive/2025/texmf-dist/tex/latex/a
msfonts/umsb.fd
File: umsb.fd 2013/01/14 v3.01 AMS symbols B
)

)

[1{d:/CommonSoftwares/ProductiveCodingEditors/texlive/2025/texmf-var/fonts/map/
pdftex/updmap/pdftex.map}{d:/CommonSoftwares/ProductiveCodingEditors/texlive/20
25/texmf-dist/fonts/enc/dvips/base/8r.enc}


]



[2]

<./fig/proposed_framework.pdf, id=93, 351.80031pt x 300.59302pt>
File: ./fig/proposed_framework.pdf Graphic file (type pdf)
<use ./fig/proposed_framework.pdf>
Package pdftex.def Info: ./fig/proposed_framework.pdf  used on input line 168.
(pdftex.def)             Requested size: 206.39685pt x 176.35303pt.


[3 <./fig/proposed_framework.pdf>]
<./fig/dcc_types.pdf, id=300, 332.10475pt x 167.89125pt>
File: ./fig/dcc_types.pdf Graphic file (type pdf)
<use ./fig/dcc_types.pdf>
Package pdftex.def Info: ./fig/dcc_types.pdf  used on input line 210.
(pdftex.def)             Requested size: 245.10315pt x 123.91222pt.


<./fig/Qos.pdf, id=305, 389.726pt x 219.46992pt>
File: ./fig/Qos.pdf Graphic file (type pdf)
<use ./fig/Qos.pdf>
Package pdftex.def Info: ./fig/Qos.pdf  used on input line 267.
(pdftex.def)             Requested size: 245.10315pt x 138.029pt.


[4 <./fig/dcc_types.pdf> <./fig/Qos.pdf>]
<./fig/sos1_relaxed.pdf, id=380, 614.295pt x 213.95735pt>
File: ./fig/sos1_relaxed.pdf Graphic file (type pdf)
<use ./fig/sos1_relaxed.pdf>
Package pdftex.def Info: ./fig/sos1_relaxed.pdf  used on input line 322.
(pdftex.def)             Requested size: 451.5pt x 157.25838pt.




[5 <./fig/sos1_relaxed.pdf>]



[6]
<./fig/workload_distribution.pdf, id=466, 415.4205pt x 257.42894pt>
File: ./fig/workload_distribution.pdf Graphic file (type pdf)
<use ./fig/workload_distribution.pdf>
Package pdftex.def Info: ./fig/workload_distribution.pdf  used on input line 45
3.
(pdftex.def)             Requested size: 258.0081pt x 156.49327pt.

Overfull \hbox (6.0081pt too wide) in paragraph at lines 453--454
[][]  
 []

<./fig/loadcurve.pdf, id=467, 416.21185pt x 253.47197pt>
File: ./fig/loadcurve.pdf Graphic file (type pdf)
<use ./fig/loadcurve.pdf>
Package pdftex.def Info: ./fig/loadcurve.pdf  used on input line 461.
(pdftex.def)             Requested size: 219.30157pt x 133.55435pt.
<./fig/windscurve_result.pdf, id=468, 417.26639pt x 256.90167pt>
File: ./fig/windscurve_result.pdf Graphic file (type pdf)
<use ./fig/windscurve_result.pdf>
Package pdftex.def Info: ./fig/windscurve_result.pdf  used on input line 469.
(pdftex.def)             Requested size: 219.30371pt x 142.26851pt.

Overfull \hbox (3.20901pt too wide) in paragraph at lines 480--501
 [][] 
 []





[7 <./fig/workload_distribution.pdf> <./fig/loadcurve.pdf> <./fig/windscurve_re
sult.pdf>]
<./fig/balanceprocess.pdf, id=514, 409.08975pt x 251.0983pt>
File: ./fig/balanceprocess.pdf Graphic file (type pdf)
<use ./fig/balanceprocess.pdf>
Package pdftex.def Info: ./fig/balanceprocess.pdf  used on input line 544.
(pdftex.def)             Requested size: 283.81406pt x 142.26543pt.

Overfull \hbox (31.81406pt too wide) in paragraph at lines 544--545
[][]  
 []

<./fig/stacked_dc_λ_subplots.pdf, id=515, 328.98409pt x 574.61275pt>
File: ./fig/stacked_dc_λ_subplots.pdf Graphic file (type pdf)
<use ./fig/stacked_dc_λ_subplots.pdf>
Package pdftex.def Info: ./fig/stacked_dc_λ_subplots.pdf  used on input line 5
51.
(pdftex.def)             Requested size: 232.19843pt x 405.5755pt.
<./fig/stacked_dc_fv_subplots.pdf, id=516, 330.7567pt x 576.83002pt>
File: ./fig/stacked_dc_fv_subplots.pdf Graphic file (type pdf)
<use ./fig/stacked_dc_fv_subplots.pdf>
Package pdftex.def Info: ./fig/stacked_dc_fv_subplots.pdf  used on input line 5
58.
(pdftex.def)             Requested size: 232.19843pt x 404.94888pt.

LaTeX Warning: `!h' float specifier changed to `!ht'.





[8 <./fig/balanceprocess.pdf> <./fig/stacked_dc_λ_subplots.pdf>]
<./fig/res_dcc_power_plots.pdf, id=580, 803.0pt x 806.94075pt>
File: ./fig/res_dcc_power_plots.pdf Graphic file (type pdf)
<use ./fig/res_dcc_power_plots.pdf>
Package pdftex.def Info: ./fig/res_dcc_power_plots.pdf  used on input line 574.

(pdftex.def)             Requested size: 438.61269pt x 455.23285pt.
<./fig/stacked_dcc_p4_plot.pdf, id=581, 417.11636pt x 257.37856pt>
File: ./fig/stacked_dcc_p4_plot.pdf Graphic file (type pdf)
<use ./fig/stacked_dcc_p4_plot.pdf>
Package pdftex.def Info: ./fig/stacked_dcc_p4_plot.pdf  used on input line 581.

(pdftex.def)             Requested size: 258.01118pt x 142.26161pt.

Overfull \hbox (6.01118pt too wide) in paragraph at lines 581--582
[][]  
 []





[9 <./fig/stacked_dc_fv_subplots.pdf>]

LaTeX Warning: Text page 10 contains only floats.



(./New_IEEEtran_how-to.bbl

[10 <./fig/res_dcc_power_plots.pdf> <./fig/stacked_dcc_p4_plot.pdf>]

)

[11] (./New_IEEEtran_how-to.aux)
 ***********
LaTeX2e <2024-11-01> patch level 2
L3 programming layer <2025-01-18>
 ***********
Package rerunfilecheck Info: File `New_IEEEtran_how-to.out' has not changed.
(rerunfilecheck)             Checksum: 961813E797E0C5EA15240594FF418A41;2027.
 ) 
Here is how much of TeX's memory you used:
 26381 strings out of 473190
 519556 string characters out of 5699139
 963586 words of memory out of 5000000
 49047 multiletter control sequences out of 15000+600000
 662938 words of font info for 139 fonts, out of 8000000 for 9000
 1145 hyphenation exceptions out of 8191
 110i,12n,107p,1483b,599s stack positions out of 10000i,1000n,20000p,200000b,200000s
<d:/CommonSoftwares/ProductiveCodingEditors/texlive/2025/texmf-dist/fonts/typ
e1/public/amsfonts/cm/cmex10.pfb><d:/CommonSoftwares/ProductiveCodingEditors/te
xlive/2025/texmf-dist/fonts/type1/public/amsfonts/cm/cmmi10.pfb><d:/CommonSoftw
ares/ProductiveCodingEditors/texlive/2025/texmf-dist/fonts/type1/public/amsfont
s/cm/cmmi5.pfb><d:/CommonSoftwares/ProductiveCodingEditors/texlive/2025/texmf-d
ist/fonts/type1/public/amsfonts/cm/cmmi6.pfb><d:/CommonSoftwares/ProductiveCodi
ngEditors/texlive/2025/texmf-dist/fonts/type1/public/amsfonts/cm/cmmi7.pfb><d:/
CommonSoftwares/ProductiveCodingEditors/texlive/2025/texmf-dist/fonts/type1/pub
lic/amsfonts/cm/cmmi8.pfb><d:/CommonSoftwares/ProductiveCodingEditors/texlive/2
025/texmf-dist/fonts/type1/public/amsfonts/cm/cmr10.pfb><d:/CommonSoftwares/Pro
ductiveCodingEditors/texlive/2025/texmf-dist/fonts/type1/public/amsfonts/cm/cmr
6.pfb><d:/CommonSoftwares/ProductiveCodingEditors/texlive/2025/texmf-dist/fonts
/type1/public/amsfonts/cm/cmr7.pfb><d:/CommonSoftwares/ProductiveCodingEditors/
texlive/2025/texmf-dist/fonts/type1/public/amsfonts/cm/cmr8.pfb><d:/CommonSoftw
ares/ProductiveCodingEditors/texlive/2025/texmf-dist/fonts/type1/public/amsfont
s/cm/cmsy10.pfb><d:/CommonSoftwares/ProductiveCodingEditors/texlive/2025/texmf-
dist/fonts/type1/public/amsfonts/cm/cmsy7.pfb><d:/CommonSoftwares/ProductiveCod
ingEditors/texlive/2025/texmf-dist/fonts/type1/public/amsfonts/cm/cmsy8.pfb><d:
/CommonSoftwares/ProductiveCodingEditors/texlive/2025/texmf-dist/fonts/type1/pu
blic/amsfonts/symbols/msbm10.pfb><d:/CommonSoftwares/ProductiveCodingEditors/te
xlive/2025/texmf-dist/fonts/type1/urw/times/utmb8a.pfb><d:/CommonSoftwares/Prod
uctiveCodingEditors/texlive/2025/texmf-dist/fonts/type1/urw/times/utmbi8a.pfb><
d:/CommonSoftwares/ProductiveCodingEditors/texlive/2025/texmf-dist/fonts/type1/
urw/times/utmr8a.pfb><d:/CommonSoftwares/ProductiveCodingEditors/texlive/2025/t
exmf-dist/fonts/type1/urw/times/utmri8a.pfb>
Output written on New_IEEEtran_how-to.pdf (11 pages, 4593099 bytes).
PDF statistics:
 1417 PDF objects out of 1440 (max. 8388607)
 892 compressed objects within 9 object streams
 141 named destinations out of 1000 (max. 500000)
 137 words of extra memory for PDF output out of 10000 (max. 10000000)

