INFO:  latexindent.pl version 3.24.5, 2025-03-13, a script to indent .tex files
       latexindent.pl lives here: C:/Program Files/MiKTeX/scripts/latexindent/
       Wed Jun  4 20:49:37 2025
       Filename: d:/GithubClonefiles/datacentra_unitcommitment/paper/__latexindent_temp_New_IEEEtran_how-to.tex
INFO:  Processing switches:
       -y|--yaml: YAML settings specified via command line
       -c|--cruft: cruft directory
INFO:  Directory for backup files and log file d:\GithubClonefiles\datacentra_unitcommitment\paper\indent.log:
       d:\GithubClonefiles\datacentra_unitcommitment\paper\
INFO:  Perl modules are being loaded from the following directories:
       D:/CommonSoftwares/OtherSoftwares/Perls/perl/lib/FindBin.pm
       D:/CommonSoftwares/OtherSoftwares/Perls/perl/vendor/lib/YAML/Tiny.pm
       D:/CommonSoftwares/OtherSoftwares/Perls/perl/lib/File/Copy.pm
       D:/CommonSoftwares/OtherSoftwares/Perls/perl/lib/File/Basename.pm
       D:/CommonSoftwares/OtherSoftwares/Perls/perl/lib/Getopt/Long.pm
       D:/CommonSoftwares/OtherSoftwares/Perls/perl/vendor/lib/File/HomeDir.pm
INFO:  LatexIndent perl modules are being loaded from, for example:
       C:/Program Files/MiKTeX/scripts/latexindent/LatexIndent/Document.pm
INFO:  YAML settings read: defaultSettings.yaml
       Reading defaultSettings.yaml from C:/Program Files/MiKTeX/scripts/latexindent/defaultSettings.yaml
INFO:  YAML reading settings
       Home directory is C:\Users\YUAN
       latexindent.pl didn't find indentconfig.yaml or .indentconfig.yaml
       see all possible locations: https://latexindentpl.readthedocs.io/en/latest/sec-appendices.html#indentconfig-options)
INFO:  YAML settings read: -y switch
       YAML setting: defaultIndent:'  '
       single-quoted string found in -y switch: '  ', substitute to   
       Updating mainSettings with defaultIndent:   
FATAL I couldn't find d:/GithubClonefiles/datacentra_unitcommitment/paper/__latexindent_temp_New_IEEEtran_how-to.tex, are you sure it exists?
      Exiting, no indentation done.
       --------------
INFO:  Please direct all communication/issues to:
        https://github.com/cmhughes/latexindent.pl
